                  :-) GROMACS - gmx mdrun, 2021.1-MODIFIED (-:

                            GROMACS is written by:
     Andrey Alekseenko              Emile Apol              Rossen Apostolov     
         Paul Bauer           Herman J.C. Berendsen           Par Bjelkmar       
       Christian Blau           Viacheslav Bolnykh             Kevin Boyd        
     Aldert van Buuren           Rudi van Drunen             Anton Feenstra      
    Gilles Gouaillardet             Alan Gray               Gerrit Groenhof      
       Anca Hamuraru            Vincent Hindriksen          M. Eric Irrgang      
      Aleksei Iupinov           Christoph Junghans             Joe Jordan        
    Dimitrios Karkoulis            Peter Kasson                Jiri Kraus        
      Carsten Kutzner              Per Larsson              Justin A. Lemkul     
       Viveca Lindahl            Magnus Lundborg             Erik Marklund       
        Pascal Merz             Pieter Meulenhoff            Teemu Murtola       
        Szilard Pall               Sander Pronk              Roland Schulz       
       Michael Shirts            Alexey Shvetsov             Alfons Sijbers      
       Peter Tieleman              Jon Vincent              Teemu Virolainen     
     Christian Wennberg            Maarten Wolf              Artem Zhmurov       
                           and the project leaders:
        Mark Abraham, Berk Hess, Erik Lindahl, and David van der Spoel

Copyright (c) 1991-2000, University of Groningen, The Netherlands.
Copyright (c) 2001-2019, The GROMACS development team at
Uppsala University, Stockholm University and
the Royal Institute of Technology, Sweden.
check out http://www.gromacs.org for more information.

GROMACS is free software; you can redistribute it and/or modify it
under the terms of the GNU Lesser General Public License
as published by the Free Software Foundation; either version 2.1
of the License, or (at your option) any later version.

GROMACS:      gmx mdrun, version 2021.1-MODIFIED
Executable:   /home/mabraham/anaconda3/envs/gromacs-tutorials/bin.AVX2_256/gmx
Data prefix:  /home/mabraham/anaconda3/envs/gromacs-tutorials
Working dir:  /home/mabraham/git/training/simple-remd/stage1/equil0/archive
Process ID:   431374
Command line:
  gmx mdrun -v

GROMACS version:    2021.1-MODIFIED
This program has been built from source code that has been altered and does not match the code released as part of the official GROMACS version 2021.1-MODIFIED. If you did not intend to use an altered GROMACS version, make sure to download an intact source distribution and compile that before proceeding.
If you have modified the source code, you are strongly encouraged to set your custom version suffix (using -DGMX_VERSION_STRING_OF_FORK) which will can help later with scientific reproducibility but also when reporting bugs.
Release checksum: 8c24bff5d3f78b0a9afb16e880b5667e5affe9a686d462482bac20ce975492c6
Computed checksum: f488e7727c7a139fbac696779f536401cec3e7ebc3fb357aa4e3f604fea3d0fc
Precision:          mixed
Memory model:       64 bit
MPI library:        thread_mpi
OpenMP support:     enabled (GMX_OPENMP_MAX_THREADS = 64)
GPU support:        OpenCL
SIMD instructions:  AVX2_256
FFT library:        fftw-3.3.9-sse2-avx
RDTSCP usage:       enabled
TNG support:        enabled
Hwloc support:      disabled
Tracing support:    disabled
C compiler:         /opt/conda/conda-bld/gromacs_1616664111133/_build_env/bin/x86_64-conda-linux-gnu-cc GNU 7.5.0
C compiler flags:   -mavx2 -mfma -Wno-missing-field-initializers -fexcess-precision=fast -funroll-all-loops -O3 -DNDEBUG
C++ compiler:       /opt/conda/conda-bld/gromacs_1616664111133/_build_env/bin/x86_64-conda-linux-gnu-c++ GNU 7.5.0
C++ compiler flags: -mavx2 -mfma -Wno-missing-field-initializers -fexcess-precision=fast -funroll-all-loops -fopenmp -O3 -DNDEBUG
OpenCL include dir: /home/mabraham/anaconda3/envs/gromacs-tutorials/include
OpenCL library:     /home/mabraham/anaconda3/envs/gromacs-tutorials/lib/libOpenCL.so
OpenCL version:     2.2


Running on 1 node with total 6 cores, 12 logical cores (GPU detection failed)
Hardware detected:
  CPU info:
    Vendor: Intel
    Brand:  Intel(R) Core(TM) i7-10750H CPU @ 2.60GHz
    Family: 6   Model: 165   Stepping: 2
    Features: aes apic avx avx2 clfsh cmov cx8 cx16 f16c fma htt intel lahf mmx msr nonstop_tsc pcid pclmuldq pdcm pdpe1gb popcnt pse rdrnd rdtscp sse2 sse3 sse4.1 sse4.2 ssse3 tdt x2apic
  Hardware topology: Basic
    Sockets, cores, and logical processors:
      Socket  0: [   0   6] [   1   7] [   2   8] [   3   9] [   4  10] [   5  11]


++++ PLEASE READ AND CITE THE FOLLOWING REFERENCE ++++
M. J. Abraham, T. Murtola, R. Schulz, S. Páll, J. C. Smith, B. Hess, E.
Lindahl
GROMACS: High performance molecular simulations through multi-level
parallelism from laptops to supercomputers
SoftwareX 1 (2015) pp. 19-25
-------- -------- --- Thank You --- -------- --------


++++ PLEASE READ AND CITE THE FOLLOWING REFERENCE ++++
S. Páll, M. J. Abraham, C. Kutzner, B. Hess, E. Lindahl
Tackling Exascale Software Challenges in Molecular Dynamics Simulations with
GROMACS
In S. Markidis & E. Laure (Eds.), Solving Software Challenges for Exascale 8759 (2015) pp. 3-27
-------- -------- --- Thank You --- -------- --------


++++ PLEASE READ AND CITE THE FOLLOWING REFERENCE ++++
S. Pronk, S. Páll, R. Schulz, P. Larsson, P. Bjelkmar, R. Apostolov, M. R.
Shirts, J. C. Smith, P. M. Kasson, D. van der Spoel, B. Hess, and E. Lindahl
GROMACS 4.5: a high-throughput and highly parallel open source molecular
simulation toolkit
Bioinformatics 29 (2013) pp. 845-54
-------- -------- --- Thank You --- -------- --------


++++ PLEASE READ AND CITE THE FOLLOWING REFERENCE ++++
B. Hess and C. Kutzner and D. van der Spoel and E. Lindahl
GROMACS 4: Algorithms for highly efficient, load-balanced, and scalable
molecular simulation
J. Chem. Theory Comput. 4 (2008) pp. 435-447
-------- -------- --- Thank You --- -------- --------


++++ PLEASE READ AND CITE THE FOLLOWING REFERENCE ++++
D. van der Spoel, E. Lindahl, B. Hess, G. Groenhof, A. E. Mark and H. J. C.
Berendsen
GROMACS: Fast, Flexible and Free
J. Comp. Chem. 26 (2005) pp. 1701-1719
-------- -------- --- Thank You --- -------- --------


++++ PLEASE READ AND CITE THE FOLLOWING REFERENCE ++++
E. Lindahl and B. Hess and D. van der Spoel
GROMACS 3.0: A package for molecular simulation and trajectory analysis
J. Mol. Mod. 7 (2001) pp. 306-317
-------- -------- --- Thank You --- -------- --------


++++ PLEASE READ AND CITE THE FOLLOWING REFERENCE ++++
H. J. C. Berendsen, D. van der Spoel and R. van Drunen
GROMACS: A message-passing parallel molecular dynamics implementation
Comp. Phys. Comm. 91 (1995) pp. 43-56
-------- -------- --- Thank You --- -------- --------


++++ PLEASE CITE THE DOI FOR THIS VERSION OF GROMACS ++++
https://doi.org/10.5281/zenodo.4561626
-------- -------- --- Thank You --- -------- --------

Input Parameters:
   integrator                     = md
   tinit                          = 0
   dt                             = 0.002
   nsteps                         = 100000
   init-step                      = 0
   simulation-part                = 1
   mts                            = false
   comm-mode                      = Linear
   nstcomm                        = 100
   bd-fric                        = 0
   ld-seed                        = 1993
   emtol                          = 10
   emstep                         = 0.01
   niter                          = 20
   fcstep                         = 0
   nstcgsteep                     = 1000
   nbfgscorr                      = 10
   rtpi                           = 0.05
   nstxout                        = 0
   nstvout                        = 0
   nstfout                        = 0
   nstlog                         = 1000
   nstcalcenergy                  = 100
   nstenergy                      = 1000
   nstxout-compressed             = 0
   compressed-x-precision         = 1000
   cutoff-scheme                  = Verlet
   nstlist                        = 10
   pbc                            = xyz
   periodic-molecules             = false
   verlet-buffer-tolerance        = 0.005
   rlist                          = 1
   coulombtype                    = PME
   coulomb-modifier               = Potential-shift
   rcoulomb-switch                = 0
   rcoulomb                       = 1
   epsilon-r                      = 1
   epsilon-rf                     = inf
   vdw-type                       = Cut-off
   vdw-modifier                   = Potential-shift
   rvdw-switch                    = 0
   rvdw                           = 1
   DispCorr                       = No
   table-extension                = 1
   fourierspacing                 = 0.12
   fourier-nx                     = 24
   fourier-ny                     = 24
   fourier-nz                     = 24
   pme-order                      = 4
   ewald-rtol                     = 1e-05
   ewald-rtol-lj                  = 0.001
   lj-pme-comb-rule               = Geometric
   ewald-geometry                 = 0
   epsilon-surface                = 0
   tcoupl                         = V-rescale
   nsttcouple                     = 10
   nh-chain-length                = 0
   print-nose-hoover-chain-variables = false
   pcoupl                         = No
   pcoupltype                     = Isotropic
   nstpcouple                     = -1
   tau-p                          = 1
   compressibility (3x3):
      compressibility[    0]={ 0.00000e+00,  0.00000e+00,  0.00000e+00}
      compressibility[    1]={ 0.00000e+00,  0.00000e+00,  0.00000e+00}
      compressibility[    2]={ 0.00000e+00,  0.00000e+00,  0.00000e+00}
   ref-p (3x3):
      ref-p[    0]={ 0.00000e+00,  0.00000e+00,  0.00000e+00}
      ref-p[    1]={ 0.00000e+00,  0.00000e+00,  0.00000e+00}
      ref-p[    2]={ 0.00000e+00,  0.00000e+00,  0.00000e+00}
   refcoord-scaling               = No
   posres-com (3):
      posres-com[0]= 0.00000e+00
      posres-com[1]= 0.00000e+00
      posres-com[2]= 0.00000e+00
   posres-comB (3):
      posres-comB[0]= 0.00000e+00
      posres-comB[1]= 0.00000e+00
      posres-comB[2]= 0.00000e+00
   QMMM                           = false
qm-opts:
   ngQM                           = 0
   constraint-algorithm           = Lincs
   continuation                   = false
   Shake-SOR                      = false
   shake-tol                      = 0.0001
   lincs-order                    = 4
   lincs-iter                     = 1
   lincs-warnangle                = 30
   nwall                          = 0
   wall-type                      = 9-3
   wall-r-linpot                  = -1
   wall-atomtype[0]               = -1
   wall-atomtype[1]               = -1
   wall-density[0]                = 0
   wall-density[1]                = 0
   wall-ewald-zfac                = 3
   pull                           = false
   awh                            = false
   rotation                       = false
   interactiveMD                  = false
   disre                          = No
   disre-weighting                = Conservative
   disre-mixed                    = false
   dr-fc                          = 1000
   dr-tau                         = 0
   nstdisreout                    = 100
   orire-fc                       = 0
   orire-tau                      = 0
   nstorireout                    = 100
   free-energy                    = no
   cos-acceleration               = 0
   deform (3x3):
      deform[    0]={ 0.00000e+00,  0.00000e+00,  0.00000e+00}
      deform[    1]={ 0.00000e+00,  0.00000e+00,  0.00000e+00}
      deform[    2]={ 0.00000e+00,  0.00000e+00,  0.00000e+00}
   simulated-tempering            = false
   swapcoords                     = no
   userint1                       = 0
   userint2                       = 0
   userint3                       = 0
   userint4                       = 0
   userreal1                      = 0
   userreal2                      = 0
   userreal3                      = 0
   userreal4                      = 0
   applied-forces:
     electric-field:
       x:
         E0                       = 0
         omega                    = 0
         t0                       = 0
         sigma                    = 0
       y:
         E0                       = 0
         omega                    = 0
         t0                       = 0
         sigma                    = 0
       z:
         E0                       = 0
         omega                    = 0
         t0                       = 0
         sigma                    = 0
     density-guided-simulation:
       active                     = false
       group                      = protein
       similarity-measure         = inner-product
       atom-spreading-weight      = unity
       force-constant             = 1e+09
       gaussian-transform-spreading-width = 0.2
       gaussian-transform-spreading-range-in-multiples-of-width = 4
       reference-density-filename = reference.mrc
       nst                        = 1
       normalize-densities        = true
       adaptive-force-scaling     = false
       adaptive-force-scaling-time-constant = 4
       shift-vector               = 
       transformation-matrix      = 
grpopts:
   nrdf:        2751
   ref-t:         298
   tau-t:         0.1
annealing:          No
annealing-npoints:           0
   acc:	           0           0           0
   nfreeze:           N           N           N
   energygrp-flags[  0]: 0

Changing nstlist from 10 to 50, rlist from 1 to 1.108

Using 1 MPI thread
Using 12 OpenMP threads 

Pinning threads with an auto-selected logical core stride of 1
System total charge: 0.000
Will do PME sum in reciprocal space for electrostatic interactions.

++++ PLEASE READ AND CITE THE FOLLOWING REFERENCE ++++
U. Essmann, L. Perera, M. L. Berkowitz, T. Darden, H. Lee and L. G. Pedersen 
A smooth particle mesh Ewald method
J. Chem. Phys. 103 (1995) pp. 8577-8592
-------- -------- --- Thank You --- -------- --------

Using a Gaussian width (1/beta) of 0.320163 nm for Ewald
Potential shift: LJ r^-12: -1.000e+00 r^-6: -1.000e+00, Ewald -1.000e-05
Initialized non-bonded Ewald tables, spacing: 9.33e-04 size: 1073

Generated table with 1054 data points for 1-4 COUL.
Tabscale = 500 points/nm
Generated table with 1054 data points for 1-4 LJ6.
Tabscale = 500 points/nm
Generated table with 1054 data points for 1-4 LJ12.
Tabscale = 500 points/nm


Using SIMD 4x8 nonbonded short-range kernels

Using a dual 4x8 pair-list setup updated with dynamic pruning:
  outer list: updated every 50 steps, buffer 0.108 nm, rlist 1.108 nm
  inner list: updated every 12 steps, buffer 0.002 nm, rlist 1.002 nm
At tolerance 0.005 kJ/mol/ps per atom, equivalent classical 1x1 list would be:
  outer list: updated every 50 steps, buffer 0.234 nm, rlist 1.234 nm
  inner list: updated every 12 steps, buffer 0.047 nm, rlist 1.047 nm

Using Lorentz-Berthelot Lennard-Jones combination rule
Removing pbc first time

Initializing LINear Constraint Solver

++++ PLEASE READ AND CITE THE FOLLOWING REFERENCE ++++
B. Hess and H. Bekker and H. J. C. Berendsen and J. G. E. M. Fraaije
LINCS: A Linear Constraint Solver for molecular simulations
J. Comp. Chem. 18 (1997) pp. 1463-1472
-------- -------- --- Thank You --- -------- --------

The number of constraints is 12

++++ PLEASE READ AND CITE THE FOLLOWING REFERENCE ++++
S. Miyamoto and P. A. Kollman
SETTLE: An Analytical Version of the SHAKE and RATTLE Algorithms for Rigid
Water Models
J. Comp. Chem. 13 (1992) pp. 952-962
-------- -------- --- Thank You --- -------- --------


++++ PLEASE READ AND CITE THE FOLLOWING REFERENCE ++++
G. Bussi, D. Donadio and M. Parrinello
Canonical sampling through velocity rescaling
J. Chem. Phys. 126 (2007) pp. 014101
-------- -------- --- Thank You --- -------- --------

There are: 1372 Atoms

Constraining the starting coordinates (step 0)

Constraining the coordinates at t0-dt (step 0)
Center of mass motion removal mode is Linear
We have the following groups for center of mass motion removal:
  0:  rest
RMS relative constraint deviation after constraining: 7.44e-07
Initial temperature: 293.66 K

Started mdrun on rank 0 Wed May 12 10:39:59 2021

           Step           Time
              0        0.00000

   Energies (kJ/mol)
           Bond            U-B    Proper Dih.  Improper Dih.      CMAP Dih.
    4.18304e-01    4.33747e+01    1.84401e+01    2.52363e+00   -7.40325e+00
          LJ-14     Coulomb-14        LJ (SR)   Coulomb (SR)   Coul. recip.
    5.40703e+00    2.26817e+02    2.80909e+03   -2.13433e+04    1.04294e+02
      Potential    Kinetic En.   Total Energy  Conserved En.    Temperature
   -1.81403e+04    3.40558e+03   -1.47348e+04   -1.47348e+04    2.97781e+02
 Pressure (bar)   Constr. rmsd
   -1.68747e+02    3.83467e-06

           Step           Time
           1000        2.00000

   Energies (kJ/mol)
           Bond            U-B    Proper Dih.  Improper Dih.      CMAP Dih.
    5.41802e+00    4.70935e+01    1.51800e+01    7.75572e+00    2.60505e-01
          LJ-14     Coulomb-14        LJ (SR)   Coulomb (SR)   Coul. recip.
    5.56336e+00    2.31864e+02    2.97661e+03   -2.12954e+04    1.14588e+02
      Potential    Kinetic En.   Total Energy  Conserved En.    Temperature
   -1.78910e+04    3.40716e+03   -1.44839e+04   -1.47338e+04    2.97919e+02
 Pressure (bar)   Constr. rmsd
    5.91891e+02    2.81365e-06

           Step           Time
           2000        4.00000

   Energies (kJ/mol)
           Bond            U-B    Proper Dih.  Improper Dih.      CMAP Dih.
    1.23632e+01    3.15320e+01    1.73989e+01    2.36004e+00    1.19333e-01
          LJ-14     Coulomb-14        LJ (SR)   Coulomb (SR)   Coul. recip.
    7.60141e+00    2.32886e+02    2.76258e+03   -2.10154e+04    1.08197e+02
      Potential    Kinetic En.   Total Energy  Conserved En.    Temperature
   -1.78403e+04    3.33025e+03   -1.45101e+04   -1.47346e+04    2.91194e+02
 Pressure (bar)   Constr. rmsd
    5.36737e+01    6.03007e-06

           Step           Time
           3000        6.00000

   Energies (kJ/mol)
           Bond            U-B    Proper Dih.  Improper Dih.      CMAP Dih.
    1.21192e+01    5.32930e+01    7.39690e+00    2.70791e+00   -4.37707e-01
          LJ-14     Coulomb-14        LJ (SR)   Coulomb (SR)   Coul. recip.
    1.01891e+01    2.39057e+02    2.56110e+03   -2.08557e+04    1.15431e+02
      Potential    Kinetic En.   Total Energy  Conserved En.    Temperature
   -1.78548e+04    3.48061e+03   -1.43742e+04   -1.47357e+04    3.04341e+02
 Pressure (bar)   Constr. rmsd
   -8.22511e+02    3.86010e-06

           Step           Time
           4000        8.00000

   Energies (kJ/mol)
           Bond            U-B    Proper Dih.  Improper Dih.      CMAP Dih.
    1.74006e+01    5.24065e+01    2.05603e+01    3.91641e+00   -3.92390e+00
          LJ-14     Coulomb-14        LJ (SR)   Coulomb (SR)   Coul. recip.
   -4.57475e-01    2.22250e+02    2.87412e+03   -2.12048e+04    1.06890e+02
      Potential    Kinetic En.   Total Energy  Conserved En.    Temperature
   -1.79117e+04    3.51480e+03   -1.43969e+04   -1.47338e+04    3.07330e+02
 Pressure (bar)   Constr. rmsd
    3.46498e+01    1.56209e-06

           Step           Time
           5000       10.00000

   Energies (kJ/mol)
           Bond            U-B    Proper Dih.  Improper Dih.      CMAP Dih.
    2.34228e+01    3.02501e+01    1.60597e+01    5.14379e+00   -5.63070e+00
          LJ-14     Coulomb-14        LJ (SR)   Coulomb (SR)   Coul. recip.
    5.46244e+00    2.25406e+02    2.52856e+03   -2.08847e+04    1.21017e+02
      Potential    Kinetic En.   Total Energy  Conserved En.    Temperature
   -1.79350e+04    3.36165e+03   -1.45733e+04   -1.47340e+04    2.93939e+02
 Pressure (bar)   Constr. rmsd
   -1.48647e+03    2.20658e-06

           Step           Time
           6000       12.00000

   Energies (kJ/mol)
           Bond            U-B    Proper Dih.  Improper Dih.      CMAP Dih.
    2.02658e+01    5.39668e+01    1.60888e+01    6.41307e+00   -2.56978e+00
          LJ-14     Coulomb-14        LJ (SR)   Coulomb (SR)   Coul. recip.
    4.18574e-02    2.22205e+02    2.90129e+03   -2.14067e+04    1.12745e+02
      Potential    Kinetic En.   Total Energy  Conserved En.    Temperature
   -1.80763e+04    3.43626e+03   -1.46400e+04   -1.47322e+04    3.00463e+02
 Pressure (bar)   Constr. rmsd
   -6.49476e+01    2.11694e-06

           Step           Time
           7000       14.00000

   Energies (kJ/mol)
           Bond            U-B    Proper Dih.  Improper Dih.      CMAP Dih.
    2.56802e+01    5.60687e+01    1.05052e+01    8.06919e+00   -6.80911e+00
          LJ-14     Coulomb-14        LJ (SR)   Coulomb (SR)   Coul. recip.
    8.61094e+00    2.28304e+02    2.71102e+03   -2.11972e+04    1.01961e+02
      Potential    Kinetic En.   Total Energy  Conserved En.    Temperature
   -1.80538e+04    3.46636e+03   -1.45875e+04   -1.47341e+04    3.03095e+02
 Pressure (bar)   Constr. rmsd
   -7.08490e+02    1.41490e-06

           Step           Time
           8000       16.00000

   Energies (kJ/mol)
           Bond            U-B    Proper Dih.  Improper Dih.      CMAP Dih.
    1.65986e+01    6.00513e+01    1.45716e+01    7.13832e+00   -7.02146e+00
          LJ-14     Coulomb-14        LJ (SR)   Coulomb (SR)   Coul. recip.
    1.34434e+01    2.27247e+02    2.76228e+03   -2.12732e+04    1.11297e+02
      Potential    Kinetic En.   Total Energy  Conserved En.    Temperature
   -1.80676e+04    3.46448e+03   -1.46032e+04   -1.47350e+04    3.02931e+02
 Pressure (bar)   Constr. rmsd
   -3.54471e+02    4.90071e-06

           Step           Time
           9000       18.00000

   Energies (kJ/mol)
           Bond            U-B    Proper Dih.  Improper Dih.      CMAP Dih.
    1.82448e+01    4.91692e+01    1.18729e+01    2.74175e+00    1.31233e+00
          LJ-14     Coulomb-14        LJ (SR)   Coulomb (SR)   Coul. recip.
    7.24956e+00    2.11599e+02    2.63170e+03   -2.09911e+04    1.12218e+02
      Potential    Kinetic En.   Total Energy  Conserved En.    Temperature
   -1.79450e+04    3.36915e+03   -1.45759e+04   -1.47359e+04    2.94595e+02
 Pressure (bar)   Constr. rmsd
   -6.44120e+02    4.62439e-06

           Step           Time
          10000       20.00000

   Energies (kJ/mol)
           Bond            U-B    Proper Dih.  Improper Dih.      CMAP Dih.
    1.33528e+01    3.27977e+01    1.88955e+01    6.66357e+00   -5.75579e+00
          LJ-14     Coulomb-14        LJ (SR)   Coulomb (SR)   Coul. recip.
    6.41478e+00    2.30451e+02    2.66702e+03   -2.10017e+04    1.10526e+02
      Potential    Kinetic En.   Total Energy  Conserved En.    Temperature
   -1.79213e+04    3.35337e+03   -1.45679e+04   -1.47365e+04    2.93215e+02
 Pressure (bar)   Constr. rmsd
   -4.09008e+02    4.67881e-06

           Step           Time
          11000       22.00000

   Energies (kJ/mol)
           Bond            U-B    Proper Dih.  Improper Dih.      CMAP Dih.
    1.26862e+01    5.32758e+01    1.83016e+01    9.24635e+00   -3.20353e+00
          LJ-14     Coulomb-14        LJ (SR)   Coulomb (SR)   Coul. recip.
   -1.44906e+00    2.17388e+02    2.90554e+03   -2.14676e+04    9.13609e+01
      Potential    Kinetic En.   Total Energy  Conserved En.    Temperature
   -1.81644e+04    3.40389e+03   -1.47605e+04   -1.47352e+04    2.97633e+02
 Pressure (bar)   Constr. rmsd
   -1.32259e+02    3.00038e-06

           Step           Time
          12000       24.00000

   Energies (kJ/mol)
           Bond            U-B    Proper Dih.  Improper Dih.      CMAP Dih.
    1.12147e+01    5.92536e+01    1.22979e+01    3.40847e+00    1.39661e+01
          LJ-14     Coulomb-14        LJ (SR)   Coulomb (SR)   Coul. recip.
    1.43867e+00    2.12031e+02    2.48255e+03   -2.07897e+04    1.13687e+02
      Potential    Kinetic En.   Total Energy  Conserved En.    Temperature
   -1.78799e+04    3.39741e+03   -1.44824e+04   -1.47320e+04    2.97066e+02
 Pressure (bar)   Constr. rmsd
   -1.46741e+03    2.29091e-06

           Step           Time
          13000       26.00000

   Energies (kJ/mol)
           Bond            U-B    Proper Dih.  Improper Dih.      CMAP Dih.
    1.16550e+01    4.21767e+01    1.76163e+01    3.85313e+00   -7.39875e+00
          LJ-14     Coulomb-14        LJ (SR)   Coulomb (SR)   Coul. recip.
    6.15393e+00    2.36691e+02    2.67727e+03   -2.11365e+04    1.16586e+02
      Potential    Kinetic En.   Total Energy  Conserved En.    Temperature
   -1.80319e+04    3.46385e+03   -1.45681e+04   -1.47360e+04    3.02875e+02
 Pressure (bar)   Constr. rmsd
   -2.41973e+02    6.10565e-06

           Step           Time
          14000       28.00000

   Energies (kJ/mol)
           Bond            U-B    Proper Dih.  Improper Dih.      CMAP Dih.
    1.11008e+01    3.83093e+01    1.21436e+01    5.96450e+00    1.17004e+01
          LJ-14     Coulomb-14        LJ (SR)   Coulomb (SR)   Coul. recip.
    4.40499e+00    2.21555e+02    2.70506e+03   -2.09586e+04    1.29089e+02
      Potential    Kinetic En.   Total Energy  Conserved En.    Temperature
   -1.78193e+04    3.32043e+03   -1.44989e+04   -1.47343e+04    2.90336e+02
 Pressure (bar)   Constr. rmsd
   -3.99499e+02    7.25991e-06

           Step           Time
          15000       30.00000

   Energies (kJ/mol)
           Bond            U-B    Proper Dih.  Improper Dih.      CMAP Dih.
    1.21115e+01    4.04197e+01    1.33659e+01    3.66946e+00    1.24922e+01
          LJ-14     Coulomb-14        LJ (SR)   Coulomb (SR)   Coul. recip.
    3.82589e+00    2.38789e+02    2.59616e+03   -2.10112e+04    1.25006e+02
      Potential    Kinetic En.   Total Energy  Conserved En.    Temperature
   -1.79654e+04    3.35799e+03   -1.46074e+04   -1.47334e+04    2.93620e+02
 Pressure (bar)   Constr. rmsd
   -1.05974e+03    1.61392e-06

           Step           Time
          16000       32.00000

   Energies (kJ/mol)
           Bond            U-B    Proper Dih.  Improper Dih.      CMAP Dih.
    8.50269e+00    4.64483e+01    2.77015e+01    4.95368e+00   -1.85979e+01
          LJ-14     Coulomb-14        LJ (SR)   Coulomb (SR)   Coul. recip.
    5.89055e+00    2.35855e+02    2.77890e+03   -2.10885e+04    1.13150e+02
      Potential    Kinetic En.   Total Energy  Conserved En.    Temperature
   -1.78857e+04    3.37706e+03   -1.45086e+04   -1.47335e+04    2.95287e+02
 Pressure (bar)   Constr. rmsd
    1.24156e+02    1.39138e-06

           Step           Time
          17000       34.00000

   Energies (kJ/mol)
           Bond            U-B    Proper Dih.  Improper Dih.      CMAP Dih.
    2.52815e+01    3.86217e+01    2.81848e+01    9.07638e+00   -2.09663e+01
          LJ-14     Coulomb-14        LJ (SR)   Coulomb (SR)   Coul. recip.
    3.89342e+00    2.10123e+02    2.65494e+03   -2.09854e+04    1.37885e+02
      Potential    Kinetic En.   Total Energy  Conserved En.    Temperature
   -1.78984e+04    3.47175e+03   -1.44266e+04   -1.47302e+04    3.03567e+02
 Pressure (bar)   Constr. rmsd
   -3.57581e+02    3.26028e-06

           Step           Time
          18000       36.00000

   Energies (kJ/mol)
           Bond            U-B    Proper Dih.  Improper Dih.      CMAP Dih.
    1.49311e+01    3.02533e+01    2.42212e+01    5.06843e+00   -1.35184e+01
          LJ-14     Coulomb-14        LJ (SR)   Coulomb (SR)   Coul. recip.
    6.98907e+00    2.35440e+02    2.64776e+03   -2.07877e+04    1.26530e+02
      Potential    Kinetic En.   Total Energy  Conserved En.    Temperature
   -1.77100e+04    3.53038e+03   -1.41797e+04   -1.47317e+04    3.08693e+02
 Pressure (bar)   Constr. rmsd
   -5.66672e+02    3.49345e-06

           Step           Time
          19000       38.00000

   Energies (kJ/mol)
           Bond            U-B    Proper Dih.  Improper Dih.      CMAP Dih.
    5.52666e+00    3.57623e+01    2.54297e+01    1.71796e+00   -1.02941e+01
          LJ-14     Coulomb-14        LJ (SR)   Coulomb (SR)   Coul. recip.
    6.51158e+00    2.30543e+02    2.68734e+03   -2.09257e+04    1.39885e+02
      Potential    Kinetic En.   Total Energy  Conserved En.    Temperature
   -1.78032e+04    3.45320e+03   -1.43500e+04   -1.47308e+04    3.01944e+02
 Pressure (bar)   Constr. rmsd
   -5.35671e+02    2.19400e-06

           Step           Time
          20000       40.00000

   Energies (kJ/mol)
           Bond            U-B    Proper Dih.  Improper Dih.      CMAP Dih.
    6.86102e+00    5.60042e+01    2.20197e+01    8.49354e-01   -4.94161e+00
          LJ-14     Coulomb-14        LJ (SR)   Coulomb (SR)   Coul. recip.
    3.18824e+00    2.04327e+02    2.90069e+03   -2.12142e+04    1.24595e+02
      Potential    Kinetic En.   Total Energy  Conserved En.    Temperature
   -1.79006e+04    3.38127e+03   -1.45193e+04   -1.47324e+04    2.95655e+02
 Pressure (bar)   Constr. rmsd
    1.71568e+02    1.44318e-06

           Step           Time
          21000       42.00000

   Energies (kJ/mol)
           Bond            U-B    Proper Dih.  Improper Dih.      CMAP Dih.
    1.54095e+01    4.19016e+01    1.45455e+01    9.36336e-01   -2.17827e+00
          LJ-14     Coulomb-14        LJ (SR)   Coulomb (SR)   Coul. recip.
    6.73026e+00    2.13714e+02    2.84308e+03   -2.13749e+04    1.18059e+02
      Potential    Kinetic En.   Total Energy  Conserved En.    Temperature
   -1.81227e+04    3.41857e+03   -1.47041e+04   -1.47318e+04    2.98917e+02
 Pressure (bar)   Constr. rmsd
   -3.84916e+02    1.69882e-06

           Step           Time
          22000       44.00000

   Energies (kJ/mol)
           Bond            U-B    Proper Dih.  Improper Dih.      CMAP Dih.
    9.40912e+00    4.70103e+01    1.33491e+01    2.42486e+00   -4.65303e+00
          LJ-14     Coulomb-14        LJ (SR)   Coulomb (SR)   Coul. recip.
    7.68643e+00    2.23117e+02    2.84780e+03   -2.11328e+04    1.26341e+02
      Potential    Kinetic En.   Total Energy  Conserved En.    Temperature
   -1.78603e+04    3.44879e+03   -1.44116e+04   -1.47312e+04    3.01559e+02
 Pressure (bar)   Constr. rmsd
    1.87719e+02    1.36896e-06

           Step           Time
          23000       46.00000

   Energies (kJ/mol)
           Bond            U-B    Proper Dih.  Improper Dih.      CMAP Dih.
    7.57955e+00    4.51448e+01    1.49098e+01    2.74462e+00   -3.99915e+00
          LJ-14     Coulomb-14        LJ (SR)   Coulomb (SR)   Coul. recip.
    7.07519e+00    2.29302e+02    2.57830e+03   -2.09331e+04    1.06296e+02
      Potential    Kinetic En.   Total Energy  Conserved En.    Temperature
   -1.79457e+04    3.48565e+03   -1.44601e+04   -1.47312e+04    3.04782e+02
 Pressure (bar)   Constr. rmsd
   -7.20712e+02    2.26112e-06

           Step           Time
          24000       48.00000

   Energies (kJ/mol)
           Bond            U-B    Proper Dih.  Improper Dih.      CMAP Dih.
    1.48170e+01    4.53685e+01    1.69064e+01    4.32237e+00   -1.17539e+00
          LJ-14     Coulomb-14        LJ (SR)   Coulomb (SR)   Coul. recip.
    3.74050e+00    2.10170e+02    2.62180e+03   -2.10664e+04    1.20448e+02
      Potential    Kinetic En.   Total Energy  Conserved En.    Temperature
   -1.80301e+04    3.36860e+03   -1.46614e+04   -1.47287e+04    2.94547e+02
 Pressure (bar)   Constr. rmsd
   -9.89885e+02    1.74414e-06

           Step           Time
          25000       50.00000

   Energies (kJ/mol)
           Bond            U-B    Proper Dih.  Improper Dih.      CMAP Dih.
    6.76099e+00    4.31672e+01    1.43531e+01    4.55060e+00    2.90576e+00
          LJ-14     Coulomb-14        LJ (SR)   Coulomb (SR)   Coul. recip.
    5.25475e+00    2.17348e+02    2.65614e+03   -2.07475e+04    1.17152e+02
      Potential    Kinetic En.   Total Energy  Conserved En.    Temperature
   -1.76799e+04    3.38245e+03   -1.42974e+04   -1.47287e+04    2.95758e+02
 Pressure (bar)   Constr. rmsd
    1.84571e+02    1.08591e-06

           Step           Time
          26000       52.00000

   Energies (kJ/mol)
           Bond            U-B    Proper Dih.  Improper Dih.      CMAP Dih.
    1.28076e+01    3.40202e+01    2.14531e+01    1.00481e+01   -1.25938e+01
          LJ-14     Coulomb-14        LJ (SR)   Coulomb (SR)   Coul. recip.
    3.17330e-01    2.24657e+02    2.60542e+03   -2.10379e+04    1.07944e+02
      Potential    Kinetic En.   Total Energy  Conserved En.    Temperature
   -1.80338e+04    3.51168e+03   -1.45221e+04   -1.47320e+04    3.07057e+02
 Pressure (bar)   Constr. rmsd
   -1.03954e+03    1.03195e-06

           Step           Time
          27000       54.00000

   Energies (kJ/mol)
           Bond            U-B    Proper Dih.  Improper Dih.      CMAP Dih.
    7.45327e+00    2.57336e+01    1.81608e+01    7.88347e-01   -4.36847e+00
          LJ-14     Coulomb-14        LJ (SR)   Coulomb (SR)   Coul. recip.
    3.60154e+00    2.21910e+02    2.96215e+03   -2.15664e+04    1.11962e+02
      Potential    Kinetic En.   Total Energy  Conserved En.    Temperature
   -1.82190e+04    3.38928e+03   -1.48297e+04   -1.47301e+04    2.96355e+02
 Pressure (bar)   Constr. rmsd
    4.09509e+00    1.41511e-06

           Step           Time
          28000       56.00000

   Energies (kJ/mol)
           Bond            U-B    Proper Dih.  Improper Dih.      CMAP Dih.
    2.34352e+01    3.17482e+01    2.86178e+01    1.97581e+00   -1.07458e+01
          LJ-14     Coulomb-14        LJ (SR)   Coulomb (SR)   Coul. recip.
    3.37643e+00    2.15581e+02    2.92026e+03   -2.13817e+04    1.19994e+02
      Potential    Kinetic En.   Total Energy  Conserved En.    Temperature
   -1.80474e+04    3.36560e+03   -1.46818e+04   -1.47266e+04    2.94285e+02
 Pressure (bar)   Constr. rmsd
    3.28442e+02    2.31852e-06

           Step           Time
          29000       58.00000

   Energies (kJ/mol)
           Bond            U-B    Proper Dih.  Improper Dih.      CMAP Dih.
    7.85366e+00    5.13830e+01    3.35758e+01    1.57226e+00   -2.16094e+01
          LJ-14     Coulomb-14        LJ (SR)   Coulomb (SR)   Coul. recip.
    2.00597e+00    2.27498e+02    2.87073e+03   -2.10307e+04    1.17441e+02
      Potential    Kinetic En.   Total Energy  Conserved En.    Temperature
   -1.77402e+04    3.63511e+03   -1.41051e+04   -1.47247e+04    3.17851e+02
 Pressure (bar)   Constr. rmsd
    4.17152e+02    9.91422e-07

           Step           Time
          30000       60.00000

   Energies (kJ/mol)
           Bond            U-B    Proper Dih.  Improper Dih.      CMAP Dih.
    1.38449e+01    3.69703e+01    3.17565e+01    3.44305e+00   -2.22956e+01
          LJ-14     Coulomb-14        LJ (SR)   Coulomb (SR)   Coul. recip.
    4.17957e+00    2.12140e+02    2.68217e+03   -2.11885e+04    1.27974e+02
      Potential    Kinetic En.   Total Energy  Conserved En.    Temperature
   -1.80983e+04    3.46127e+03   -1.46370e+04   -1.47273e+04    3.02650e+02
 Pressure (bar)   Constr. rmsd
   -8.43751e+02    2.57309e-06

           Step           Time
          31000       62.00000

   Energies (kJ/mol)
           Bond            U-B    Proper Dih.  Improper Dih.      CMAP Dih.
    1.55333e+01    2.76205e+01    2.88140e+01    3.99810e+00   -1.79265e+01
          LJ-14     Coulomb-14        LJ (SR)   Coulomb (SR)   Coul. recip.
    2.15678e+00    2.19163e+02    2.65902e+03   -2.10873e+04    1.09312e+02
      Potential    Kinetic En.   Total Energy  Conserved En.    Temperature
   -1.80396e+04    3.32691e+03   -1.47127e+04   -1.47272e+04    2.90902e+02
 Pressure (bar)   Constr. rmsd
   -6.39618e+02    2.11064e-06

           Step           Time
          32000       64.00000

   Energies (kJ/mol)
           Bond            U-B    Proper Dih.  Improper Dih.      CMAP Dih.
    7.41788e+00    4.68458e+01    1.84979e+01    4.39309e+00   -6.40961e+00
          LJ-14     Coulomb-14        LJ (SR)   Coulomb (SR)   Coul. recip.
    3.31890e+00    2.09441e+02    2.55916e+03   -2.08342e+04    1.10062e+02
      Potential    Kinetic En.   Total Energy  Conserved En.    Temperature
   -1.78814e+04    3.54555e+03   -1.43359e+04   -1.47281e+04    3.10020e+02
 Pressure (bar)   Constr. rmsd
   -9.48011e+02    2.07178e-06

           Step           Time
          33000       66.00000

   Energies (kJ/mol)
           Bond            U-B    Proper Dih.  Improper Dih.      CMAP Dih.
    1.30249e+01    4.12035e+01    1.26572e+01    3.37370e+00   -3.68008e+00
          LJ-14     Coulomb-14        LJ (SR)   Coulomb (SR)   Coul. recip.
    8.76007e+00    2.07165e+02    2.77387e+03   -2.10145e+04    1.31228e+02
      Potential    Kinetic En.   Total Energy  Conserved En.    Temperature
   -1.78269e+04    3.32618e+03   -1.45007e+04   -1.47261e+04    2.90838e+02
 Pressure (bar)   Constr. rmsd
    1.49562e+02    2.55316e-06

           Step           Time
          34000       68.00000

   Energies (kJ/mol)
           Bond            U-B    Proper Dih.  Improper Dih.      CMAP Dih.
    7.37482e+00    5.57491e+01    1.60582e+01    3.90760e+00   -6.96541e+00
          LJ-14     Coulomb-14        LJ (SR)   Coulomb (SR)   Coul. recip.
    4.94843e+00    2.20074e+02    2.61041e+03   -2.08318e+04    1.09685e+02
      Potential    Kinetic En.   Total Energy  Conserved En.    Temperature
   -1.78106e+04    3.45209e+03   -1.43585e+04   -1.47254e+04    3.01847e+02
 Pressure (bar)   Constr. rmsd
   -4.07271e+02    1.52439e-06

           Step           Time
          35000       70.00000

   Energies (kJ/mol)
           Bond            U-B    Proper Dih.  Improper Dih.      CMAP Dih.
    1.20331e+01    3.97540e+01    1.90957e+01    8.31473e-01   -4.19285e+00
          LJ-14     Coulomb-14        LJ (SR)   Coulomb (SR)   Coul. recip.
    2.83193e+00    2.12874e+02    2.76120e+03   -2.09672e+04    1.11626e+02
      Potential    Kinetic En.   Total Energy  Conserved En.    Temperature
   -1.78112e+04    3.39634e+03   -1.44148e+04   -1.47241e+04    2.96973e+02
 Pressure (bar)   Constr. rmsd
   -3.01130e+02    4.68058e-06

           Step           Time
          36000       72.00000

   Energies (kJ/mol)
           Bond            U-B    Proper Dih.  Improper Dih.      CMAP Dih.
    1.73468e+01    5.47144e+01    1.64921e+01    6.95344e-01   -8.23259e+00
          LJ-14     Coulomb-14        LJ (SR)   Coulomb (SR)   Coul. recip.
   -6.46078e-02    2.11236e+02    2.67950e+03   -2.11551e+04    1.05391e+02
      Potential    Kinetic En.   Total Energy  Conserved En.    Temperature
   -1.80780e+04    3.40332e+03   -1.46747e+04   -1.47237e+04    2.97583e+02
 Pressure (bar)   Constr. rmsd
   -1.00425e+03    3.42826e-06

           Step           Time
          37000       74.00000

   Energies (kJ/mol)
           Bond            U-B    Proper Dih.  Improper Dih.      CMAP Dih.
    2.18469e+01    3.83988e+01    2.52537e+01    5.43166e+00   -1.35075e+01
          LJ-14     Coulomb-14        LJ (SR)   Coulomb (SR)   Coul. recip.
    3.50736e+00    2.17951e+02    2.89136e+03   -2.11454e+04    1.26984e+02
      Potential    Kinetic En.   Total Energy  Conserved En.    Temperature
   -1.78281e+04    3.35246e+03   -1.44757e+04   -1.47233e+04    2.93136e+02
 Pressure (bar)   Constr. rmsd
    2.28881e+02    2.07556e-06

           Step           Time
          38000       76.00000

   Energies (kJ/mol)
           Bond            U-B    Proper Dih.  Improper Dih.      CMAP Dih.
    1.19592e+01    4.76721e+01    2.36951e+01    5.13817e+00   -1.03065e+01
          LJ-14     Coulomb-14        LJ (SR)   Coulomb (SR)   Coul. recip.
    4.20857e+00    2.24760e+02    2.97472e+03   -2.14019e+04    1.04784e+02
      Potential    Kinetic En.   Total Energy  Conserved En.    Temperature
   -1.80153e+04    3.33352e+03   -1.46818e+04   -1.47207e+04    2.91480e+02
 Pressure (bar)   Constr. rmsd
    3.18548e+02    1.28726e-06

           Step           Time
          39000       78.00000

   Energies (kJ/mol)
           Bond            U-B    Proper Dih.  Improper Dih.      CMAP Dih.
    2.17825e+01    5.94649e+01    2.62237e+01    2.57481e+00   -1.92505e+01
          LJ-14     Coulomb-14        LJ (SR)   Coulomb (SR)   Coul. recip.
    1.64414e+00    2.08414e+02    2.96613e+03   -2.14786e+04    1.21962e+02
      Potential    Kinetic En.   Total Energy  Conserved En.    Temperature
   -1.80896e+04    3.52674e+03   -1.45629e+04   -1.47185e+04    3.08375e+02
 Pressure (bar)   Constr. rmsd
    2.81259e+02    2.57918e-06

           Step           Time
          40000       80.00000

   Energies (kJ/mol)
           Bond            U-B    Proper Dih.  Improper Dih.      CMAP Dih.
    1.43954e+01    6.08653e+01    2.19875e+01    4.51733e+00   -6.31572e+00
          LJ-14     Coulomb-14        LJ (SR)   Coulomb (SR)   Coul. recip.
    2.41608e+00    2.14032e+02    2.53161e+03   -2.06172e+04    1.16011e+02
      Potential    Kinetic En.   Total Energy  Conserved En.    Temperature
   -1.76577e+04    3.34057e+03   -1.43171e+04   -1.47198e+04    2.92096e+02
 Pressure (bar)   Constr. rmsd
   -5.59064e+02    3.60045e-06

           Step           Time
          41000       82.00000

   Energies (kJ/mol)
           Bond            U-B    Proper Dih.  Improper Dih.      CMAP Dih.
    1.52772e+01    3.86307e+01    2.32221e+01    2.15539e+00   -9.57928e+00
          LJ-14     Coulomb-14        LJ (SR)   Coulomb (SR)   Coul. recip.
    2.16657e+00    2.28235e+02    3.09578e+03   -2.14216e+04    1.19806e+02
      Potential    Kinetic En.   Total Energy  Conserved En.    Temperature
   -1.79059e+04    3.51430e+03   -1.43916e+04   -1.47178e+04    3.07287e+02
 Pressure (bar)   Constr. rmsd
    1.09711e+03    1.87833e-06

           Step           Time
          42000       84.00000

   Energies (kJ/mol)
           Bond            U-B    Proper Dih.  Improper Dih.      CMAP Dih.
    1.17387e+01    5.07315e+01    2.06858e+01    1.75406e+00   -9.01068e+00
          LJ-14     Coulomb-14        LJ (SR)   Coulomb (SR)   Coul. recip.
    5.67408e+00    2.23829e+02    2.78395e+03   -2.10098e+04    1.06263e+02
      Potential    Kinetic En.   Total Energy  Conserved En.    Temperature
   -1.78142e+04    3.48368e+03   -1.43305e+04   -1.47227e+04    3.04609e+02
 Pressure (bar)   Constr. rmsd
    1.31566e+02    2.00356e-06

           Step           Time
          43000       86.00000

   Energies (kJ/mol)
           Bond            U-B    Proper Dih.  Improper Dih.      CMAP Dih.
    1.65813e+01    4.17770e+01    2.04937e+01    7.73597e+00   -8.35053e+00
          LJ-14     Coulomb-14        LJ (SR)   Coulomb (SR)   Coul. recip.
    6.74790e+00    2.27123e+02    2.83224e+03   -2.12345e+04    1.15450e+02
      Potential    Kinetic En.   Total Energy  Conserved En.    Temperature
   -1.79747e+04    3.55059e+03   -1.44241e+04   -1.47160e+04    3.10460e+02
 Pressure (bar)   Constr. rmsd
    3.57614e+01    4.04280e-06

           Step           Time
          44000       88.00000

   Energies (kJ/mol)
           Bond            U-B    Proper Dih.  Improper Dih.      CMAP Dih.
    2.31127e+01    4.07384e+01    1.15292e+01    8.29161e+00   -5.72010e+00
          LJ-14     Coulomb-14        LJ (SR)   Coulomb (SR)   Coul. recip.
    6.32773e+00    2.19691e+02    2.86257e+03   -2.12960e+04    1.12998e+02
      Potential    Kinetic En.   Total Energy  Conserved En.    Temperature
   -1.80165e+04    3.46129e+03   -1.45552e+04   -1.47162e+04    3.02652e+02
 Pressure (bar)   Constr. rmsd
    3.29479e+02    1.51709e-06

           Step           Time
          45000       90.00000

   Energies (kJ/mol)
           Bond            U-B    Proper Dih.  Improper Dih.      CMAP Dih.
    1.52435e+01    4.18740e+01    1.44407e+01    2.21551e+00   -6.15506e+00
          LJ-14     Coulomb-14        LJ (SR)   Coulomb (SR)   Coul. recip.
    9.49679e+00    2.27297e+02    2.78218e+03   -2.12683e+04    1.28442e+02
      Potential    Kinetic En.   Total Energy  Conserved En.    Temperature
   -1.80532e+04    3.45850e+03   -1.45947e+04   -1.47184e+04    3.02408e+02
 Pressure (bar)   Constr. rmsd
   -1.52936e+02    7.05231e-06

           Step           Time
          46000       92.00000

   Energies (kJ/mol)
           Bond            U-B    Proper Dih.  Improper Dih.      CMAP Dih.
    7.33477e+00    5.15545e+01    2.25812e+01    3.69822e+00   -1.29344e+01
          LJ-14     Coulomb-14        LJ (SR)   Coulomb (SR)   Coul. recip.
    5.08688e+00    2.24981e+02    2.74924e+03   -2.11031e+04    1.12740e+02
      Potential    Kinetic En.   Total Energy  Conserved En.    Temperature
   -1.79388e+04    3.58803e+03   -1.43508e+04   -1.47185e+04    3.13734e+02
 Pressure (bar)   Constr. rmsd
   -1.27328e+02    2.74203e-06

           Step           Time
          47000       94.00000

   Energies (kJ/mol)
           Bond            U-B    Proper Dih.  Improper Dih.      CMAP Dih.
    1.74328e+01    5.90013e+01    1.86476e+01    5.54740e+00   -6.75338e+00
          LJ-14     Coulomb-14        LJ (SR)   Coulomb (SR)   Coul. recip.
    1.93305e+00    2.22809e+02    2.81296e+03   -2.11578e+04    1.13288e+02
      Potential    Kinetic En.   Total Energy  Conserved En.    Temperature
   -1.79129e+04    3.35028e+03   -1.45627e+04   -1.47146e+04    2.92946e+02
 Pressure (bar)   Constr. rmsd
   -3.81731e+02    2.59548e-06

           Step           Time
          48000       96.00000

   Energies (kJ/mol)
           Bond            U-B    Proper Dih.  Improper Dih.      CMAP Dih.
    1.36327e+01    3.77623e+01    2.37481e+01    4.32086e+00   -1.05241e+01
          LJ-14     Coulomb-14        LJ (SR)   Coulomb (SR)   Coul. recip.
    1.77902e+00    2.17156e+02    2.76265e+03   -2.09572e+04    1.18315e+02
      Potential    Kinetic En.   Total Energy  Conserved En.    Temperature
   -1.77883e+04    3.44604e+03   -1.43423e+04   -1.47184e+04    3.01319e+02
 Pressure (bar)   Constr. rmsd
    1.80527e+02    4.69848e-06

           Step           Time
          49000       98.00000

   Energies (kJ/mol)
           Bond            U-B    Proper Dih.  Improper Dih.      CMAP Dih.
    2.49923e+01    6.65823e+01    1.63266e+01    5.76361e+00   -4.58186e+00
          LJ-14     Coulomb-14        LJ (SR)   Coulomb (SR)   Coul. recip.
    5.44490e+00    2.13927e+02    2.81158e+03   -2.11043e+04    1.25471e+02
      Potential    Kinetic En.   Total Energy  Conserved En.    Temperature
   -1.78388e+04    3.35365e+03   -1.44852e+04   -1.47141e+04    2.93240e+02
 Pressure (bar)   Constr. rmsd
    2.89625e+02    1.81753e-06

           Step           Time
          50000      100.00000

   Energies (kJ/mol)
           Bond            U-B    Proper Dih.  Improper Dih.      CMAP Dih.
    5.01042e+00    4.56882e+01    2.92867e+01    5.41529e+00   -1.51092e+01
          LJ-14     Coulomb-14        LJ (SR)   Coulomb (SR)   Coul. recip.
    1.31829e+00    2.05152e+02    2.89472e+03   -2.14015e+04    1.11834e+02
      Potential    Kinetic En.   Total Energy  Conserved En.    Temperature
   -1.81182e+04    3.35238e+03   -1.47658e+04   -1.47187e+04    2.93129e+02
 Pressure (bar)   Constr. rmsd
   -7.35909e+01    4.75142e-06

           Step           Time
          51000      102.00000

   Energies (kJ/mol)
           Bond            U-B    Proper Dih.  Improper Dih.      CMAP Dih.
    8.02215e+00    5.58391e+01    2.70901e+01    2.70806e+00   -1.08073e+01
          LJ-14     Coulomb-14        LJ (SR)   Coulomb (SR)   Coul. recip.
    4.08324e+00    2.08941e+02    2.78506e+03   -2.10214e+04    1.19219e+02
      Potential    Kinetic En.   Total Energy  Conserved En.    Temperature
   -1.78212e+04    3.40415e+03   -1.44171e+04   -1.47169e+04    2.97655e+02
 Pressure (bar)   Constr. rmsd
    1.27166e+02    3.04320e-06

           Step           Time
          52000      104.00000

   Energies (kJ/mol)
           Bond            U-B    Proper Dih.  Improper Dih.      CMAP Dih.
    1.69867e+01    4.07891e+01    2.15717e+01    3.03626e+00   -1.12178e+01
          LJ-14     Coulomb-14        LJ (SR)   Coulomb (SR)   Coul. recip.
    3.45559e+00    2.13284e+02    2.99870e+03   -2.12543e+04    1.09141e+02
      Potential    Kinetic En.   Total Energy  Conserved En.    Temperature
   -1.78585e+04    3.23421e+03   -1.46243e+04   -1.47148e+04    2.82796e+02
 Pressure (bar)   Constr. rmsd
    6.29282e+02    1.07399e-06

           Step           Time
          53000      106.00000

   Energies (kJ/mol)
           Bond            U-B    Proper Dih.  Improper Dih.      CMAP Dih.
    1.32661e+01    4.65272e+01    1.23318e+01    2.61263e+00   -4.58575e+00
          LJ-14     Coulomb-14        LJ (SR)   Coulomb (SR)   Coul. recip.
    2.69343e-01    2.12509e+02    2.97241e+03   -2.14384e+04    1.31310e+02
      Potential    Kinetic En.   Total Energy  Conserved En.    Temperature
   -1.80518e+04    3.42024e+03   -1.46315e+04   -1.47172e+04    2.99062e+02
 Pressure (bar)   Constr. rmsd
    2.83930e+02    3.53322e-06

           Step           Time
          54000      108.00000

   Energies (kJ/mol)
           Bond            U-B    Proper Dih.  Improper Dih.      CMAP Dih.
    1.63711e+01    3.30333e+01    1.40878e+01    7.56869e+00   -1.18638e+00
          LJ-14     Coulomb-14        LJ (SR)   Coulomb (SR)   Coul. recip.
    7.12070e+00    2.33768e+02    2.91627e+03   -2.14406e+04    9.33049e+01
      Potential    Kinetic En.   Total Energy  Conserved En.    Temperature
   -1.81202e+04    3.50943e+03   -1.46108e+04   -1.47209e+04    3.06861e+02
 Pressure (bar)   Constr. rmsd
    3.10968e+02    1.90479e-06

           Step           Time
          55000      110.00000

   Energies (kJ/mol)
           Bond            U-B    Proper Dih.  Improper Dih.      CMAP Dih.
    1.03150e+01    4.60449e+01    4.42277e+01    5.00637e+00   -1.41171e+01
          LJ-14     Coulomb-14        LJ (SR)   Coulomb (SR)   Coul. recip.
   -4.43359e-01    2.08624e+02    2.55196e+03   -2.06958e+04    1.37422e+02
      Potential    Kinetic En.   Total Energy  Conserved En.    Temperature
   -1.77067e+04    3.41445e+03   -1.42923e+04   -1.47171e+04    2.98556e+02
 Pressure (bar)   Constr. rmsd
   -9.65155e+02    2.46376e-06

           Step           Time
          56000      112.00000

   Energies (kJ/mol)
           Bond            U-B    Proper Dih.  Improper Dih.      CMAP Dih.
    1.04405e+01    4.76473e+01    1.74646e+01    7.35354e+00    5.29576e-01
          LJ-14     Coulomb-14        LJ (SR)   Coulomb (SR)   Coul. recip.
    7.08853e+00    2.31606e+02    2.75202e+03   -2.10519e+04    1.09137e+02
      Potential    Kinetic En.   Total Energy  Conserved En.    Temperature
   -1.78686e+04    3.40108e+03   -1.44675e+04   -1.47160e+04    2.97387e+02
 Pressure (bar)   Constr. rmsd
   -1.36045e+02    1.32891e-06

           Step           Time
          57000      114.00000

   Energies (kJ/mol)
           Bond            U-B    Proper Dih.  Improper Dih.      CMAP Dih.
    9.57599e+00    3.87759e+01    1.16718e+01    2.14386e+00   -6.03039e+00
          LJ-14     Coulomb-14        LJ (SR)   Coulomb (SR)   Coul. recip.
    7.17007e+00    2.16347e+02    2.84107e+03   -2.13388e+04    1.17860e+02
      Potential    Kinetic En.   Total Energy  Conserved En.    Temperature
   -1.81003e+04    3.47391e+03   -1.46264e+04   -1.47198e+04    3.03755e+02
 Pressure (bar)   Constr. rmsd
   -3.83346e+01    7.08184e-07

           Step           Time
          58000      116.00000

   Energies (kJ/mol)
           Bond            U-B    Proper Dih.  Improper Dih.      CMAP Dih.
    4.14136e+01    6.06148e+01    1.64034e+01    3.04022e+00   -3.07115e+00
          LJ-14     Coulomb-14        LJ (SR)   Coulomb (SR)   Coul. recip.
    1.19578e-01    1.90919e+02    2.81697e+03   -2.13868e+04    1.26483e+02
      Potential    Kinetic En.   Total Energy  Conserved En.    Temperature
   -1.81339e+04    3.45497e+03   -1.46789e+04   -1.47173e+04    3.02099e+02
 Pressure (bar)   Constr. rmsd
   -6.79049e+02    3.81652e-06

           Step           Time
          59000      118.00000

   Energies (kJ/mol)
           Bond            U-B    Proper Dih.  Improper Dih.      CMAP Dih.
    1.39849e+01    5.28744e+01    1.79645e+01    5.73168e+00   -6.10306e+00
          LJ-14     Coulomb-14        LJ (SR)   Coulomb (SR)   Coul. recip.
    6.12028e+00    2.13492e+02    2.88305e+03   -2.14074e+04    1.10444e+02
      Potential    Kinetic En.   Total Energy  Conserved En.    Temperature
   -1.81099e+04    3.49723e+03   -1.46126e+04   -1.47176e+04    3.05794e+02
 Pressure (bar)   Constr. rmsd
   -3.24223e+02    2.54072e-06

           Step           Time
          60000      120.00000

   Energies (kJ/mol)
           Bond            U-B    Proper Dih.  Improper Dih.      CMAP Dih.
    2.58540e+01    3.96351e+01    1.68482e+01    1.27510e+00   -1.20098e+01
          LJ-14     Coulomb-14        LJ (SR)   Coulomb (SR)   Coul. recip.
    4.39745e+00    2.19045e+02    2.79638e+03   -2.12936e+04    1.22141e+02
      Potential    Kinetic En.   Total Energy  Conserved En.    Temperature
   -1.80801e+04    3.40570e+03   -1.46744e+04   -1.47184e+04    2.97791e+02
 Pressure (bar)   Constr. rmsd
   -6.79558e+02    4.31499e-06

           Step           Time
          61000      122.00000

   Energies (kJ/mol)
           Bond            U-B    Proper Dih.  Improper Dih.      CMAP Dih.
    2.81749e+01    3.19101e+01    1.33021e+01    3.93352e+00   -4.79219e+00
          LJ-14     Coulomb-14        LJ (SR)   Coulomb (SR)   Coul. recip.
    1.76959e+00    2.04780e+02    2.89802e+03   -2.13269e+04    1.06955e+02
      Potential    Kinetic En.   Total Energy  Conserved En.    Temperature
   -1.80428e+04    3.37043e+03   -1.46724e+04   -1.47164e+04    2.94707e+02
 Pressure (bar)   Constr. rmsd
   -1.90476e+02    4.70266e-06

           Step           Time
          62000      124.00000

   Energies (kJ/mol)
           Bond            U-B    Proper Dih.  Improper Dih.      CMAP Dih.
    1.13561e+01    4.78378e+01    1.93912e+01    2.39877e+00   -1.15070e+01
          LJ-14     Coulomb-14        LJ (SR)   Coulomb (SR)   Coul. recip.
    7.45695e+00    2.27944e+02    3.00467e+03   -2.13795e+04    1.08896e+02
      Potential    Kinetic En.   Total Energy  Conserved En.    Temperature
   -1.79610e+04    3.46804e+03   -1.44930e+04   -1.47142e+04    3.03242e+02
 Pressure (bar)   Constr. rmsd
    8.64116e+02    4.00495e-06

           Step           Time
          63000      126.00000

   Energies (kJ/mol)
           Bond            U-B    Proper Dih.  Improper Dih.      CMAP Dih.
    1.34087e+01    5.43117e+01    2.15881e+01    7.28101e+00   -1.09346e+01
          LJ-14     Coulomb-14        LJ (SR)   Coulomb (SR)   Coul. recip.
    3.97003e+00    2.20654e+02    2.79889e+03   -2.12545e+04    1.09212e+02
      Potential    Kinetic En.   Total Energy  Conserved En.    Temperature
   -1.80361e+04    3.38019e+03   -1.46560e+04   -1.47155e+04    2.95561e+02
 Pressure (bar)   Constr. rmsd
   -3.16624e+02    3.22976e-06

           Step           Time
          64000      128.00000

   Energies (kJ/mol)
           Bond            U-B    Proper Dih.  Improper Dih.      CMAP Dih.
    5.94061e+00    3.36670e+01    1.86362e+01    3.53947e+00   -8.33470e+00
          LJ-14     Coulomb-14        LJ (SR)   Coulomb (SR)   Coul. recip.
    8.55110e+00    2.29555e+02    2.84240e+03   -2.12027e+04    1.26446e+02
      Potential    Kinetic En.   Total Energy  Conserved En.    Temperature
   -1.79423e+04    3.50376e+03   -1.44386e+04   -1.47149e+04    3.06365e+02
 Pressure (bar)   Constr. rmsd
    8.66160e+01    2.53968e-06

           Step           Time
          65000      130.00000

   Energies (kJ/mol)
           Bond            U-B    Proper Dih.  Improper Dih.      CMAP Dih.
    9.41734e+00    5.58974e+01    1.47813e+01    7.28073e-01   -3.80358e+00
          LJ-14     Coulomb-14        LJ (SR)   Coulomb (SR)   Coul. recip.
    4.45362e+00    2.26337e+02    2.56731e+03   -2.10731e+04    1.01338e+02
      Potential    Kinetic En.   Total Energy  Conserved En.    Temperature
   -1.80967e+04    3.28800e+03   -1.48087e+04   -1.47144e+04    2.87499e+02
 Pressure (bar)   Constr. rmsd
   -1.39573e+03    8.20151e-07

           Step           Time
          66000      132.00000

   Energies (kJ/mol)
           Bond            U-B    Proper Dih.  Improper Dih.      CMAP Dih.
    9.98158e+00    2.39745e+01    1.49282e+01    8.86871e+00   -5.21873e+00
          LJ-14     Coulomb-14        LJ (SR)   Coulomb (SR)   Coul. recip.
    6.80959e+00    2.29793e+02    2.76308e+03   -2.11839e+04    1.07600e+02
      Potential    Kinetic En.   Total Energy  Conserved En.    Temperature
   -1.80241e+04    3.43516e+03   -1.45890e+04   -1.47164e+04    3.00367e+02
 Pressure (bar)   Constr. rmsd
   -4.89790e+02    1.97154e-06

           Step           Time
          67000      134.00000

   Energies (kJ/mol)
           Bond            U-B    Proper Dih.  Improper Dih.      CMAP Dih.
    8.64864e+00    3.14165e+01    1.54785e+01    1.17192e+00   -1.75055e+00
          LJ-14     Coulomb-14        LJ (SR)   Coulomb (SR)   Coul. recip.
    9.21844e+00    2.16094e+02    2.88053e+03   -2.11735e+04    1.27178e+02
      Potential    Kinetic En.   Total Energy  Conserved En.    Temperature
   -1.78855e+04    3.37764e+03   -1.45079e+04   -1.47174e+04    2.95337e+02
 Pressure (bar)   Constr. rmsd
    4.39746e+02    1.82193e-06

           Step           Time
          68000      136.00000

   Energies (kJ/mol)
           Bond            U-B    Proper Dih.  Improper Dih.      CMAP Dih.
    1.06038e+01    4.34119e+01    1.77898e+01    1.61500e+00   -1.05440e+01
          LJ-14     Coulomb-14        LJ (SR)   Coulomb (SR)   Coul. recip.
    2.28593e+00    2.01391e+02    2.75804e+03   -2.10746e+04    1.18608e+02
      Potential    Kinetic En.   Total Energy  Conserved En.    Temperature
   -1.79314e+04    3.22857e+03   -1.47028e+04   -1.47182e+04    2.82303e+02
 Pressure (bar)   Constr. rmsd
   -5.07866e+02    2.64206e-06

           Step           Time
          69000      138.00000

   Energies (kJ/mol)
           Bond            U-B    Proper Dih.  Improper Dih.      CMAP Dih.
    1.31970e+01    4.40861e+01    2.67576e+01    4.99782e+00   -1.12442e+01
          LJ-14     Coulomb-14        LJ (SR)   Coulomb (SR)   Coul. recip.
    1.64250e+00    2.03176e+02    2.71815e+03   -2.09850e+04    1.26433e+02
      Potential    Kinetic En.   Total Energy  Conserved En.    Temperature
   -1.78578e+04    3.40783e+03   -1.44499e+04   -1.47165e+04    2.97977e+02
 Pressure (bar)   Constr. rmsd
   -5.32242e+02    1.49547e-06

           Step           Time
          70000      140.00000

   Energies (kJ/mol)
           Bond            U-B    Proper Dih.  Improper Dih.      CMAP Dih.
    3.93126e+00    3.18536e+01    1.47153e+01    3.70185e+00    2.38041e-01
          LJ-14     Coulomb-14        LJ (SR)   Coulomb (SR)   Coul. recip.
    5.89072e+00    2.44490e+02    2.81192e+03   -2.11387e+04    1.16809e+02
      Potential    Kinetic En.   Total Energy  Conserved En.    Temperature
   -1.79052e+04    3.30816e+03   -1.45970e+04   -1.47177e+04    2.89262e+02
 Pressure (bar)   Constr. rmsd
   -3.64109e+01    1.59231e-06

           Step           Time
          71000      142.00000

   Energies (kJ/mol)
           Bond            U-B    Proper Dih.  Improper Dih.      CMAP Dih.
    9.54450e+00    3.78549e+01    1.11627e+01    6.70586e+00    2.18948e+00
          LJ-14     Coulomb-14        LJ (SR)   Coulomb (SR)   Coul. recip.
    6.51796e+00    2.19518e+02    2.86099e+03   -2.12582e+04    1.08327e+02
      Potential    Kinetic En.   Total Energy  Conserved En.    Temperature
   -1.79954e+04    3.50102e+03   -1.44944e+04   -1.47164e+04    3.06126e+02
 Pressure (bar)   Constr. rmsd
    3.81076e+01    4.62109e-06

           Step           Time
          72000      144.00000

   Energies (kJ/mol)
           Bond            U-B    Proper Dih.  Improper Dih.      CMAP Dih.
    9.69749e+00    4.25510e+01    2.85212e+01    1.81816e+00   -1.78214e+01
          LJ-14     Coulomb-14        LJ (SR)   Coulomb (SR)   Coul. recip.
    2.41180e+00    2.14142e+02    2.81656e+03   -2.11345e+04    1.23073e+02
      Potential    Kinetic En.   Total Energy  Conserved En.    Temperature
   -1.79136e+04    3.49750e+03   -1.44161e+04   -1.47171e+04    3.05818e+02
 Pressure (bar)   Constr. rmsd
    4.23601e+01    2.78568e-06

           Step           Time
          73000      146.00000

   Energies (kJ/mol)
           Bond            U-B    Proper Dih.  Improper Dih.      CMAP Dih.
    1.15534e+01    3.55192e+01    1.90625e+01    2.35032e+00   -1.04291e+01
          LJ-14     Coulomb-14        LJ (SR)   Coulomb (SR)   Coul. recip.
    4.58446e+00    2.25061e+02    2.70154e+03   -2.08887e+04    1.06766e+02
      Potential    Kinetic En.   Total Energy  Conserved En.    Temperature
   -1.77927e+04    3.45178e+03   -1.43409e+04   -1.47117e+04    3.01820e+02
 Pressure (bar)   Constr. rmsd
   -3.30073e+02    1.58523e-06

           Step           Time
          74000      148.00000

   Energies (kJ/mol)
           Bond            U-B    Proper Dih.  Improper Dih.      CMAP Dih.
    1.51528e+01    3.40379e+01    2.52069e+01    2.99509e+00   -7.42104e+00
          LJ-14     Coulomb-14        LJ (SR)   Coulomb (SR)   Coul. recip.
    4.43400e+00    2.18810e+02    2.83631e+03   -2.13300e+04    1.14964e+02
      Potential    Kinetic En.   Total Energy  Conserved En.    Temperature
   -1.80855e+04    3.37550e+03   -1.47100e+04   -1.47124e+04    2.95150e+02
 Pressure (bar)   Constr. rmsd
   -3.88171e+02    1.07949e-06

           Step           Time
          75000      150.00000

   Energies (kJ/mol)
           Bond            U-B    Proper Dih.  Improper Dih.      CMAP Dih.
    2.33103e+01    3.14760e+01    2.46876e+01    1.97866e+00   -1.19699e+01
          LJ-14     Coulomb-14        LJ (SR)   Coulomb (SR)   Coul. recip.
    2.42489e+00    2.08041e+02    2.63412e+03   -2.10988e+04    1.18771e+02
      Potential    Kinetic En.   Total Energy  Conserved En.    Temperature
   -1.80659e+04    3.35151e+03   -1.47144e+04   -1.47151e+04    2.93053e+02
 Pressure (bar)   Constr. rmsd
   -1.04999e+03    2.80881e-06

           Step           Time
          76000      152.00000

   Energies (kJ/mol)
           Bond            U-B    Proper Dih.  Improper Dih.      CMAP Dih.
    1.22553e+01    4.01862e+01    2.18602e+01    1.60614e+00   -1.33107e+01
          LJ-14     Coulomb-14        LJ (SR)   Coulomb (SR)   Coul. recip.
    3.34919e+00    2.16598e+02    2.65128e+03   -2.07456e+04    1.22301e+02
      Potential    Kinetic En.   Total Energy  Conserved En.    Temperature
   -1.76894e+04    3.33781e+03   -1.43516e+04   -1.47128e+04    2.91855e+02
 Pressure (bar)   Constr. rmsd
   -3.05182e+02    1.03682e-06

           Step           Time
          77000      154.00000

   Energies (kJ/mol)
           Bond            U-B    Proper Dih.  Improper Dih.      CMAP Dih.
    1.28890e+01    3.52617e+01    2.24645e+01    1.84349e+00   -1.26046e+01
          LJ-14     Coulomb-14        LJ (SR)   Coulomb (SR)   Coul. recip.
    5.40596e+00    2.22973e+02    2.96596e+03   -2.14175e+04    1.16505e+02
      Potential    Kinetic En.   Total Energy  Conserved En.    Temperature
   -1.80468e+04    3.32294e+03   -1.47238e+04   -1.47155e+04    2.90555e+02
 Pressure (bar)   Constr. rmsd
    3.34204e+02    1.85039e-06

           Step           Time
          78000      156.00000

   Energies (kJ/mol)
           Bond            U-B    Proper Dih.  Improper Dih.      CMAP Dih.
    1.14090e+01    3.92019e+01    2.34990e+01    3.52643e+00   -2.25383e+00
          LJ-14     Coulomb-14        LJ (SR)   Coulomb (SR)   Coul. recip.
    2.92094e+00    2.05505e+02    2.92475e+03   -2.11603e+04    1.23538e+02
      Potential    Kinetic En.   Total Energy  Conserved En.    Temperature
   -1.78282e+04    3.42921e+03   -1.43990e+04   -1.47155e+04    2.99847e+02
 Pressure (bar)   Constr. rmsd
    3.03068e+02    2.04626e-06

           Step           Time
          79000      158.00000

   Energies (kJ/mol)
           Bond            U-B    Proper Dih.  Improper Dih.      CMAP Dih.
    5.83747e+00    2.66103e+01    2.64621e+01    9.92468e+00   -1.42673e+01
          LJ-14     Coulomb-14        LJ (SR)   Coulomb (SR)   Coul. recip.
    3.03231e+00    2.15303e+02    2.74904e+03   -2.11133e+04    1.22663e+02
      Potential    Kinetic En.   Total Energy  Conserved En.    Temperature
   -1.79687e+04    3.22073e+03   -1.47479e+04   -1.47152e+04    2.81618e+02
 Pressure (bar)   Constr. rmsd
   -3.73084e+02    3.48560e-06

           Step           Time
          80000      160.00000

   Energies (kJ/mol)
           Bond            U-B    Proper Dih.  Improper Dih.      CMAP Dih.
    1.14117e+01    3.31823e+01    3.49433e+01    3.54037e+00   -2.25946e+01
          LJ-14     Coulomb-14        LJ (SR)   Coulomb (SR)   Coul. recip.
    9.29822e-01    2.12903e+02    2.65905e+03   -2.09870e+04    1.16805e+02
      Potential    Kinetic En.   Total Energy  Conserved En.    Temperature
   -1.79368e+04    3.53096e+03   -1.44059e+04   -1.47165e+04    3.08743e+02
 Pressure (bar)   Constr. rmsd
   -6.42608e+02    1.84959e-06

           Step           Time
          81000      162.00000

   Energies (kJ/mol)
           Bond            U-B    Proper Dih.  Improper Dih.      CMAP Dih.
    1.15350e+01    2.49600e+01    1.85836e+01    2.51959e+00   -1.11341e+01
          LJ-14     Coulomb-14        LJ (SR)   Coulomb (SR)   Coul. recip.
    5.06698e+00    2.24044e+02    2.89359e+03   -2.10253e+04    1.23592e+02
      Potential    Kinetic En.   Total Energy  Conserved En.    Temperature
   -1.77325e+04    3.52338e+03   -1.42091e+04   -1.47144e+04    3.08081e+02
 Pressure (bar)   Constr. rmsd
    8.02524e+02    4.51575e-06

           Step           Time
          82000      164.00000

   Energies (kJ/mol)
           Bond            U-B    Proper Dih.  Improper Dih.      CMAP Dih.
    1.60170e+01    3.83749e+01    3.07523e+01    5.37415e+00   -1.31345e+01
          LJ-14     Coulomb-14        LJ (SR)   Coulomb (SR)   Coul. recip.
    1.95417e+00    2.03135e+02    2.80763e+03   -2.11577e+04    9.19311e+01
      Potential    Kinetic En.   Total Energy  Conserved En.    Temperature
   -1.79756e+04    3.37087e+03   -1.46048e+04   -1.47108e+04    2.94746e+02
 Pressure (bar)   Constr. rmsd
   -3.93429e+02    1.16750e-06

           Step           Time
          83000      166.00000

   Energies (kJ/mol)
           Bond            U-B    Proper Dih.  Improper Dih.      CMAP Dih.
    1.64572e+01    2.53478e+01    2.63304e+01    1.33609e+00   -1.33124e+01
          LJ-14     Coulomb-14        LJ (SR)   Coulomb (SR)   Coul. recip.
    2.72244e+00    2.27561e+02    2.63884e+03   -2.11390e+04    1.23339e+02
      Potential    Kinetic En.   Total Energy  Conserved En.    Temperature
   -1.80904e+04    3.30074e+03   -1.47897e+04   -1.47131e+04    2.88613e+02
 Pressure (bar)   Constr. rmsd
   -8.56087e+02    1.62325e-06

           Step           Time
          84000      168.00000

   Energies (kJ/mol)
           Bond            U-B    Proper Dih.  Improper Dih.      CMAP Dih.
    9.75921e+00    2.62675e+01    2.69542e+01    4.31558e+00   -1.95472e+01
          LJ-14     Coulomb-14        LJ (SR)   Coulomb (SR)   Coul. recip.
    5.93467e+00    2.34131e+02    2.87602e+03   -2.12039e+04    1.16975e+02
      Potential    Kinetic En.   Total Energy  Conserved En.    Temperature
   -1.79231e+04    3.54437e+03   -1.43787e+04   -1.47165e+04    3.09916e+02
 Pressure (bar)   Constr. rmsd
    2.95551e+02    1.47504e-06

           Step           Time
          85000      170.00000

   Energies (kJ/mol)
           Bond            U-B    Proper Dih.  Improper Dih.      CMAP Dih.
    1.95209e+01    3.66548e+01    2.65735e+01    1.01422e+00   -2.11326e+01
          LJ-14     Coulomb-14        LJ (SR)   Coulomb (SR)   Coul. recip.
    2.69524e+00    2.15362e+02    2.63659e+03   -2.09090e+04    1.18673e+02
      Potential    Kinetic En.   Total Energy  Conserved En.    Temperature
   -1.78731e+04    3.35276e+03   -1.45203e+04   -1.47151e+04    2.93162e+02
 Pressure (bar)   Constr. rmsd
   -7.71216e+02    2.14563e-06

           Step           Time
          86000      172.00000

   Energies (kJ/mol)
           Bond            U-B    Proper Dih.  Improper Dih.      CMAP Dih.
    1.73691e+01    5.04215e+01    1.74203e+01    2.64093e+00   -4.89639e+00
          LJ-14     Coulomb-14        LJ (SR)   Coulomb (SR)   Coul. recip.
   -3.65744e-01    2.03214e+02    2.80479e+03   -2.10472e+04    1.31729e+02
      Potential    Kinetic En.   Total Energy  Conserved En.    Temperature
   -1.78249e+04    3.28029e+03   -1.45446e+04   -1.47142e+04    2.86825e+02
 Pressure (bar)   Constr. rmsd
   -6.65692e+01    1.68174e-06

           Step           Time
          87000      174.00000

   Energies (kJ/mol)
           Bond            U-B    Proper Dih.  Improper Dih.      CMAP Dih.
    1.43281e+01    3.49389e+01    1.82067e+01    8.50457e+00   -4.04027e+00
          LJ-14     Coulomb-14        LJ (SR)   Coulomb (SR)   Coul. recip.
    4.98767e+00    2.20956e+02    2.62228e+03   -2.06489e+04    1.27290e+02
      Potential    Kinetic En.   Total Energy  Conserved En.    Temperature
   -1.76014e+04    3.49121e+03   -1.41102e+04   -1.47147e+04    3.05268e+02
 Pressure (bar)   Constr. rmsd
   -5.69138e+02    1.64768e-06

           Step           Time
          88000      176.00000

   Energies (kJ/mol)
           Bond            U-B    Proper Dih.  Improper Dih.      CMAP Dih.
    1.62927e+01    2.81142e+01    1.97428e+01    7.82592e+00   -3.60190e+00
          LJ-14     Coulomb-14        LJ (SR)   Coulomb (SR)   Coul. recip.
    8.00960e+00    2.26471e+02    2.69620e+03   -2.10487e+04    1.29074e+02
      Potential    Kinetic En.   Total Energy  Conserved En.    Temperature
   -1.79206e+04    3.36848e+03   -1.45521e+04   -1.47148e+04    2.94536e+02
 Pressure (bar)   Constr. rmsd
   -9.33585e+02    3.28232e-06

           Step           Time
          89000      178.00000

   Energies (kJ/mol)
           Bond            U-B    Proper Dih.  Improper Dih.      CMAP Dih.
    1.23935e+01    4.96932e+01    1.70024e+01    4.36674e+00   -5.83578e+00
          LJ-14     Coulomb-14        LJ (SR)   Coulomb (SR)   Coul. recip.
    3.85151e+00    1.97077e+02    2.89394e+03   -2.11926e+04    1.16368e+02
      Potential    Kinetic En.   Total Energy  Conserved En.    Temperature
   -1.79038e+04    3.52945e+03   -1.43743e+04   -1.47154e+04    3.08612e+02
 Pressure (bar)   Constr. rmsd
    2.55827e+02    1.99927e-06

           Step           Time
          90000      180.00000

   Energies (kJ/mol)
           Bond            U-B    Proper Dih.  Improper Dih.      CMAP Dih.
    7.91052e+00    4.36633e+01    1.32789e+01    3.46671e+00   -4.81639e+00
          LJ-14     Coulomb-14        LJ (SR)   Coulomb (SR)   Coul. recip.
    6.26938e+00    2.10167e+02    2.67030e+03   -2.07529e+04    1.20008e+02
      Potential    Kinetic En.   Total Energy  Conserved En.    Temperature
   -1.76826e+04    3.30281e+03   -1.43798e+04   -1.47137e+04    2.88794e+02
 Pressure (bar)   Constr. rmsd
   -1.87239e+02    1.49389e-06

           Step           Time
          91000      182.00000

   Energies (kJ/mol)
           Bond            U-B    Proper Dih.  Improper Dih.      CMAP Dih.
    1.05725e+01    2.41551e+01    3.30775e+01    7.13479e+00   -1.86331e+01
          LJ-14     Coulomb-14        LJ (SR)   Coulomb (SR)   Coul. recip.
    2.33824e+00    2.25243e+02    2.82052e+03   -2.11938e+04    1.32563e+02
      Potential    Kinetic En.   Total Energy  Conserved En.    Temperature
   -1.79568e+04    3.54031e+03   -1.44165e+04   -1.47128e+04    3.09561e+02
 Pressure (bar)   Constr. rmsd
   -1.25713e+01    9.69835e-07

           Step           Time
          92000      184.00000

   Energies (kJ/mol)
           Bond            U-B    Proper Dih.  Improper Dih.      CMAP Dih.
    1.37438e+01    4.83511e+01    3.15909e+01    3.88188e+00   -1.31829e+01
          LJ-14     Coulomb-14        LJ (SR)   Coulomb (SR)   Coul. recip.
    5.37939e-02    2.08892e+02    2.59462e+03   -2.08847e+04    1.10708e+02
      Potential    Kinetic En.   Total Energy  Conserved En.    Temperature
   -1.78860e+04    3.44882e+03   -1.44372e+04   -1.47102e+04    3.01562e+02
 Pressure (bar)   Constr. rmsd
   -7.29247e+02    1.20149e-06

           Step           Time
          93000      186.00000

   Energies (kJ/mol)
           Bond            U-B    Proper Dih.  Improper Dih.      CMAP Dih.
    9.94704e+00    4.96551e+01    1.98967e+01    3.50646e+00   -1.08347e+01
          LJ-14     Coulomb-14        LJ (SR)   Coulomb (SR)   Coul. recip.
    2.91441e+00    1.99032e+02    2.86551e+03   -2.13890e+04    1.28621e+02
      Potential    Kinetic En.   Total Energy  Conserved En.    Temperature
   -1.81208e+04    3.39353e+03   -1.47272e+04   -1.47094e+04    2.96727e+02
 Pressure (bar)   Constr. rmsd
   -1.90978e+02    2.87058e-06

           Step           Time
          94000      188.00000

   Energies (kJ/mol)
           Bond            U-B    Proper Dih.  Improper Dih.      CMAP Dih.
    1.07748e+01    4.28276e+01    2.13581e+01    2.76090e+00   -5.68894e+00
          LJ-14     Coulomb-14        LJ (SR)   Coulomb (SR)   Coul. recip.
    6.93865e+00    2.09628e+02    2.84740e+03   -2.14143e+04    1.14021e+02
      Potential    Kinetic En.   Total Energy  Conserved En.    Temperature
   -1.81642e+04    3.46973e+03   -1.46945e+04   -1.47094e+04    3.03390e+02
 Pressure (bar)   Constr. rmsd
    5.95241e+01    1.62279e-06

           Step           Time
          95000      190.00000

   Energies (kJ/mol)
           Bond            U-B    Proper Dih.  Improper Dih.      CMAP Dih.
    1.85645e+01    3.39879e+01    2.18742e+01    8.96430e+00   -1.10154e+01
          LJ-14     Coulomb-14        LJ (SR)   Coulomb (SR)   Coul. recip.
    3.86040e+00    2.07949e+02    2.57325e+03   -2.07659e+04    1.09310e+02
      Potential    Kinetic En.   Total Energy  Conserved En.    Temperature
   -1.77991e+04    3.45778e+03   -1.43413e+04   -1.47092e+04    3.02345e+02
 Pressure (bar)   Constr. rmsd
   -8.79879e+02    1.92796e-06

           Step           Time
          96000      192.00000

   Energies (kJ/mol)
           Bond            U-B    Proper Dih.  Improper Dih.      CMAP Dih.
    7.25652e+00    4.20199e+01    1.06475e+01    1.18227e+00   -2.51223e+00
          LJ-14     Coulomb-14        LJ (SR)   Coulomb (SR)   Coul. recip.
    3.27407e+00    2.19898e+02    2.48922e+03   -2.06454e+04    1.32110e+02
      Potential    Kinetic En.   Total Energy  Conserved En.    Temperature
   -1.77423e+04    3.44730e+03   -1.42950e+04   -1.47094e+04    3.01428e+02
 Pressure (bar)   Constr. rmsd
   -7.90507e+02    2.95439e-06

           Step           Time
          97000      194.00000

   Energies (kJ/mol)
           Bond            U-B    Proper Dih.  Improper Dih.      CMAP Dih.
    2.76139e+00    4.78222e+01    1.34873e+01    2.31730e+00   -4.56489e+00
          LJ-14     Coulomb-14        LJ (SR)   Coulomb (SR)   Coul. recip.
    9.80598e-01    2.11410e+02    2.95668e+03   -2.13809e+04    1.11500e+02
      Potential    Kinetic En.   Total Energy  Conserved En.    Temperature
   -1.80385e+04    3.38159e+03   -1.46569e+04   -1.47074e+04    2.95682e+02
 Pressure (bar)   Constr. rmsd
    2.82385e+02    2.99475e-06

           Step           Time
          98000      196.00000

   Energies (kJ/mol)
           Bond            U-B    Proper Dih.  Improper Dih.      CMAP Dih.
    8.54929e+00    4.34128e+01    1.44515e+01    1.07926e+00   -5.68193e+00
          LJ-14     Coulomb-14        LJ (SR)   Coulomb (SR)   Coul. recip.
    6.02238e+00    2.07614e+02    2.78754e+03   -2.11843e+04    1.12453e+02
      Potential    Kinetic En.   Total Energy  Conserved En.    Temperature
   -1.80089e+04    3.33113e+03   -1.46778e+04   -1.47060e+04    2.91271e+02
 Pressure (bar)   Constr. rmsd
   -2.27906e+02    1.50966e-06

           Step           Time
          99000      198.00000

   Energies (kJ/mol)
           Bond            U-B    Proper Dih.  Improper Dih.      CMAP Dih.
    5.55978e+00    4.69390e+01    2.45383e+01    6.82842e+00   -7.33589e+00
          LJ-14     Coulomb-14        LJ (SR)   Coulomb (SR)   Coul. recip.
    2.98387e+00    2.07624e+02    2.80259e+03   -2.10736e+04    1.15253e+02
      Potential    Kinetic En.   Total Energy  Conserved En.    Temperature
   -1.78686e+04    3.49261e+03   -1.43760e+04   -1.47088e+04    3.05391e+02
 Pressure (bar)   Constr. rmsd
   -3.84777e+00    1.69594e-06

           Step           Time
         100000      200.00000

Writing checkpoint, step 100000 at Wed May 12 10:40:25 2021


   Energies (kJ/mol)
           Bond            U-B    Proper Dih.  Improper Dih.      CMAP Dih.
    9.72973e+00    4.16473e+01    1.77837e+01    2.14673e+00   -9.88568e+00
          LJ-14     Coulomb-14        LJ (SR)   Coulomb (SR)   Coul. recip.
    5.18093e+00    2.22394e+02    2.68182e+03   -2.09594e+04    1.16980e+02
      Potential    Kinetic En.   Total Energy  Conserved En.    Temperature
   -1.78716e+04    3.26824e+03   -1.46034e+04   -1.47088e+04    2.85771e+02
 Pressure (bar)   Constr. rmsd
   -6.01093e+02    2.25620e-06


Energy conservation over simulation part #1 of length 200 ns, time 0 to 200 ns
  Conserved energy drift: 9.47e-05 kJ/mol/ps per atom


	<======  ###############  ==>
	<====  A V E R A G E S  ====>
	<==  ###############  ======>

	Statistics over 100001 steps using 1001 frames

   Energies (kJ/mol)
           Bond            U-B    Proper Dih.  Improper Dih.      CMAP Dih.
    1.27759e+01    4.13729e+01    2.04024e+01    4.16095e+00   -7.99964e+00
          LJ-14     Coulomb-14        LJ (SR)   Coulomb (SR)   Coul. recip.
    4.32106e+00    2.19071e+02    2.77952e+03   -2.11034e+04    1.17043e+02
      Potential    Kinetic En.   Total Energy  Conserved En.    Temperature
   -1.79128e+04    3.41099e+03   -1.45018e+04   -1.47213e+04    2.98254e+02
 Pressure (bar)   Constr. rmsd
   -1.85307e+02    0.00000e+00

   Total Virial (kJ/mol)
    1.21590e+03    6.77120e+00   -4.04724e+00
    6.76714e+00    1.23055e+03   -2.57908e+00
   -4.04454e+00   -2.57238e+00    1.20198e+03

   Pressure (bar)
   -1.89166e+02   -2.07649e+01    1.49792e+01
   -2.07554e+01   -2.12692e+02    8.05346e+00
    1.49729e+01    8.03778e+00   -1.54064e+02


	M E G A - F L O P S   A C C O U N T I N G

 NB=Group-cutoff nonbonded kernels    NxN=N-by-N cluster Verlet kernels
 RF=Reaction-Field  VdW=Van der Waals  QSTab=quadratic-spline table
 W3=SPC/TIP3p  W4=TIP4p (single or pairs)
 V&F=Potential and force  V=Potential only  F=Force only

 Computing:                               M-Number         M-Flops  % Flops
-----------------------------------------------------------------------------
 Pair Search distance check            1137.602266       10238.420     0.2
 NxN Ewald Elec. + LJ [F]             41385.962288     2731473.511    48.5
 NxN Ewald Elec. + LJ [V&F]             418.613488       44791.643     0.8
 NxN Ewald Elec. [F]                  39356.414768     2400741.301    42.6
 NxN Ewald Elec. [V&F]                  398.098864       33440.305     0.6
 1,4 nonbonded interactions               4.100041         369.004     0.0
 Calc Weights                           411.604116       14817.748     0.3
 Spread Q Bspline                      8780.887808       17561.776     0.3
 Gather F Bspline                      8780.887808       52685.327     0.9
 3D-FFT                               38029.780294      304238.242     5.4
 Solve PME                               57.600576        3686.437     0.1
 Shift-X                                  2.745372          16.472     0.0
 Bonds                                    0.900009          53.101     0.0
 Propers                                  2.300023         526.705     0.0
 Impropers                                0.500005         104.001     0.0
 Virial                                   1.418417          25.532     0.0
 Stop-CM                                  1.374744          13.747     0.0
 Calc-Ekin                               27.442744         740.954     0.0
 Lincs                                    1.200036          72.002     0.0
 Lincs-Mat                               10.800324          43.201     0.0
 Constraint-V                           137.402748        1236.625     0.0
 Constraint-Vir                           1.363362          32.721     0.0
 Settle                                  45.001350       16650.499     0.3
 CMAP                                     0.100001         170.002     0.0
 Urey-Bradley                             3.600036         658.807     0.0
-----------------------------------------------------------------------------
 Total                                                 5634388.082   100.0
-----------------------------------------------------------------------------


     R E A L   C Y C L E   A N D   T I M E   A C C O U N T I N G

On 1 MPI rank, each using 12 OpenMP threads

 Computing:          Num   Num      Call    Wall time         Giga-Cycles
                     Ranks Threads  Count      (s)         total sum    %
-----------------------------------------------------------------------------
 Neighbor search        1   12       2001       0.677         21.058   2.6
 Force                  1   12     100001      14.035        436.553  53.3
 PME mesh               1   12     100001       8.215        255.523  31.2
 NB X/F buffer ops.     1   12     198001       1.728         53.747   6.6
 Write traj.            1   12          1       0.049          1.529   0.2
 Update                 1   12     100001       0.509         15.847   1.9
 Constraints            1   12     100003       0.686         21.328   2.6
 Rest                                           0.430         13.365   1.6
-----------------------------------------------------------------------------
 Total                                         26.329        818.951 100.0
-----------------------------------------------------------------------------
 Breakdown of PME mesh computation
-----------------------------------------------------------------------------
 PME spread             1   12     100001       2.471         76.843   9.4
 PME gather             1   12     100001       2.066         64.265   7.8
 PME 3D-FFT             1   12     200002       3.188         99.151  12.1
 PME solve Elec         1   12     100001       0.338         10.503   1.3
-----------------------------------------------------------------------------

               Core t (s)   Wall t (s)        (%)
       Time:      315.951       26.329     1200.0
                 (ns/day)    (hour/ns)
Performance:      656.306        0.037
Finished mdrun on rank 0 Wed May 12 10:40:26 2021

