Log file opened on Wed Sep 11 12:55:45 2013
Host: tcbl02  pid: 6940  nodeid: 0  nnodes:  1
Gromacs version:    VERSION 4.6.3-dev-20130704-ca54e36-dirty-unknown
GIT SHA1 hash:      ca54e36c93a21d26378776cdbc573ee018361ffc (dirty)
Branched from:      unknown
Precision:          single
Memory model:       64 bit
MPI library:        thread_mpi
OpenMP support:     enabled
GPU support:        disabled
invsqrt routine:    gmx_software_invsqrt(x)
CPU acceleration:   AVX_256
FFT library:        fftw-3.3.3-sse2-avx
Large file support: enabled
RDTSCP usage:       enabled
Built on:           ons 11 sep 2013 12:30:47 CEST
Built by:           mark@tcbl02 [CMAKE]
Build OS/arch:      Linux 3.8.0-29-generic x86_64
Build CPU vendor:   GenuineIntel
Build CPU brand:    Intel(R) Core(TM) i7-3770 CPU @ 3.40GHz
Build CPU family:   6   Model: 58   Stepping: 9
Build CPU features: aes apic avx clfsh cmov cx8 cx16 f16c htt lahf_lm mmx msr nonstop_tsc pcid pclmuldq pdcm popcnt pse rdrnd rdtscp sse2 sse3 sse4.1 sse4.2 ssse3 tdt x2apic
C compiler:         /usr/bin/cc GNU cc (Ubuntu/Linaro 4.7.3-1ubuntu1) 4.7.3
C compiler flags:   -mavx    -Wextra -Wno-missing-field-initializers -Wno-sign-compare -Wall -Wno-unused -Wunused-value   -fomit-frame-pointer -funroll-all-loops -fexcess-precision=fast  -O3 -DNDEBUG


                         :-)  G  R  O  M  A  C  S  (-:

                   Good gRace! Old Maple Actually Chews Slate

           :-)  VERSION 4.6.3-dev-20130704-ca54e36-dirty-unknown  (-:

        Contributions from Mark Abraham, Emile Apol, Rossen Apostolov, 
           Herman J.C. Berendsen, Aldert van Buuren, Pär Bjelkmar,  
     Rudi van Drunen, Anton Feenstra, Gerrit Groenhof, Christoph Junghans, 
        Peter Kasson, Carsten Kutzner, Per Larsson, Pieter Meulenhoff, 
           Teemu Murtola, Szilard Pall, Sander Pronk, Roland Schulz, 
                Michael Shirts, Alfons Sijbers, Peter Tieleman,

               Berk Hess, David van der Spoel, and Erik Lindahl.

       Copyright (c) 1991-2000, University of Groningen, The Netherlands.
         Copyright (c) 2001-2012,2013, The GROMACS development team at
        Uppsala University & The Royal Institute of Technology, Sweden.
            check out http://www.gromacs.org for more information.

         This program is free software; you can redistribute it and/or
       modify it under the terms of the GNU Lesser General Public License
        as published by the Free Software Foundation; either version 2.1
             of the License, or (at your option) any later version.

                                :-)  mdrun  (-:


++++ PLEASE READ AND CITE THE FOLLOWING REFERENCE ++++
B. Hess and C. Kutzner and D. van der Spoel and E. Lindahl
GROMACS 4: Algorithms for highly efficient, load-balanced, and scalable
molecular simulation
J. Chem. Theory Comput. 4 (2008) pp. 435-447
-------- -------- --- Thank You --- -------- --------


++++ PLEASE READ AND CITE THE FOLLOWING REFERENCE ++++
D. van der Spoel, E. Lindahl, B. Hess, G. Groenhof, A. E. Mark and H. J. C.
Berendsen
GROMACS: Fast, Flexible and Free
J. Comp. Chem. 26 (2005) pp. 1701-1719
-------- -------- --- Thank You --- -------- --------


++++ PLEASE READ AND CITE THE FOLLOWING REFERENCE ++++
E. Lindahl and B. Hess and D. van der Spoel
GROMACS 3.0: A package for molecular simulation and trajectory analysis
J. Mol. Mod. 7 (2001) pp. 306-317
-------- -------- --- Thank You --- -------- --------


++++ PLEASE READ AND CITE THE FOLLOWING REFERENCE ++++
H. J. C. Berendsen, D. van der Spoel and R. van Drunen
GROMACS: A message-passing parallel molecular dynamics implementation
Comp. Phys. Comm. 91 (1995) pp. 43-56
-------- -------- --- Thank You --- -------- --------

Input Parameters:
   integrator           = md
   nsteps               = 100000
   init-step            = 0
   cutoff-scheme        = Verlet
   ns_type              = Grid
   nstlist              = 10
   ndelta               = 2
   nstcomm              = 100
   comm-mode            = Linear
   nstlog               = 1000
   nstxout              = 0
   nstvout              = 0
   nstfout              = 0
   nstcalcenergy        = 100
   nstenergy            = 1000
   nstxtcout            = 0
   init-t               = 0
   delta-t              = 0.002
   xtcprec              = 1000
   fourierspacing       = 0.12
   nkx                  = 24
   nky                  = 24
   nkz                  = 24
   pme-order            = 4
   ewald-rtol           = 1e-05
   ewald-geometry       = 0
   epsilon-surface      = 0
   optimize-fft         = FALSE
   ePBC                 = xyz
   bPeriodicMols        = FALSE
   bContinuation        = FALSE
   bShakeSOR            = FALSE
   etc                  = V-rescale
   bPrintNHChains       = FALSE
   nsttcouple           = 10
   epc                  = No
   epctype              = Isotropic
   nstpcouple           = -1
   tau-p                = 1
   ref-p (3x3):
      ref-p[    0]={ 0.00000e+00,  0.00000e+00,  0.00000e+00}
      ref-p[    1]={ 0.00000e+00,  0.00000e+00,  0.00000e+00}
      ref-p[    2]={ 0.00000e+00,  0.00000e+00,  0.00000e+00}
   compress (3x3):
      compress[    0]={ 0.00000e+00,  0.00000e+00,  0.00000e+00}
      compress[    1]={ 0.00000e+00,  0.00000e+00,  0.00000e+00}
      compress[    2]={ 0.00000e+00,  0.00000e+00,  0.00000e+00}
   refcoord-scaling     = No
   posres-com (3):
      posres-com[0]= 0.00000e+00
      posres-com[1]= 0.00000e+00
      posres-com[2]= 0.00000e+00
   posres-comB (3):
      posres-comB[0]= 0.00000e+00
      posres-comB[1]= 0.00000e+00
      posres-comB[2]= 0.00000e+00
   verlet-buffer-drift  = 0.005
   rlist                = 1
   rlistlong            = 1
   nstcalclr            = 10
   rtpi                 = 0.05
   coulombtype          = PME
   coulomb-modifier     = Potential-shift
   rcoulomb-switch      = 0
   rcoulomb             = 1
   vdwtype              = Cut-off
   vdw-modifier         = Potential-shift
   rvdw-switch          = 0
   rvdw                 = 1
   epsilon-r            = 1
   epsilon-rf           = inf
   tabext               = 1
   implicit-solvent     = No
   gb-algorithm         = Still
   gb-epsilon-solvent   = 80
   nstgbradii           = 1
   rgbradii             = 1
   gb-saltconc          = 0
   gb-obc-alpha         = 1
   gb-obc-beta          = 0.8
   gb-obc-gamma         = 4.85
   gb-dielectric-offset = 0.009
   sa-algorithm         = Ace-approximation
   sa-surface-tension   = 2.05016
   DispCorr             = No
   bSimTemp             = FALSE
   free-energy          = no
   nwall                = 0
   wall-type            = 9-3
   wall-atomtype[0]     = -1
   wall-atomtype[1]     = -1
   wall-density[0]      = 0
   wall-density[1]      = 0
   wall-ewald-zfac      = 3
   pull                 = no
   rotation             = FALSE
   disre                = No
   disre-weighting      = Conservative
   disre-mixed          = FALSE
   dr-fc                = 1000
   dr-tau               = 0
   nstdisreout          = 100
   orires-fc            = 0
   orires-tau           = 0
   nstorireout          = 100
   dihre-fc             = 0
   em-stepsize          = 0.01
   em-tol               = 10
   niter                = 20
   fc-stepsize          = 0
   nstcgsteep           = 1000
   nbfgscorr            = 10
   ConstAlg             = Lincs
   shake-tol            = 0.0001
   lincs-order          = 4
   lincs-warnangle      = 30
   lincs-iter           = 1
   bd-fric              = 0
   ld-seed              = 1993
   cos-accel            = 0
   deform (3x3):
      deform[    0]={ 0.00000e+00,  0.00000e+00,  0.00000e+00}
      deform[    1]={ 0.00000e+00,  0.00000e+00,  0.00000e+00}
      deform[    2]={ 0.00000e+00,  0.00000e+00,  0.00000e+00}
   adress               = FALSE
   userint1             = 0
   userint2             = 0
   userint3             = 0
   userint4             = 0
   userreal1            = 0
   userreal2            = 0
   userreal3            = 0
   userreal4            = 0
grpopts:
   nrdf:        2742
   ref-t:         298
   tau-t:         0.1
anneal:          No
ann-npoints:           0
   acc:	           0           0           0
   nfreeze:           N           N           N
   energygrp-flags[  0]: 0
   efield-x:
      n = 0
   efield-xt:
      n = 0
   efield-y:
      n = 0
   efield-yt:
      n = 0
   efield-z:
      n = 0
   efield-zt:
      n = 0
   bQMMM                = FALSE
   QMconstraints        = 0
   QMMMscheme           = 0
   scalefactor          = 1
qm-opts:
   ngQM                 = 0
Using 1 MPI thread
Using 8 OpenMP threads 

Detecting CPU-specific acceleration.
Present hardware specification:
Vendor: GenuineIntel
Brand:  Intel(R) Core(TM) i7-3770 CPU @ 3.40GHz
Family:  6  Model: 58  Stepping:  9
Features: aes apic avx clfsh cmov cx8 cx16 f16c htt lahf_lm mmx msr nonstop_tsc pcid pclmuldq pdcm popcnt pse rdrnd rdtscp sse2 sse3 sse4.1 sse4.2 ssse3 tdt x2apic
Acceleration most likely to fit this hardware: AVX_256
Acceleration selected at GROMACS compile time: AVX_256

Will do PME sum in reciprocal space.

++++ PLEASE READ AND CITE THE FOLLOWING REFERENCE ++++
U. Essmann, L. Perera, M. L. Berkowitz, T. Darden, H. Lee and L. G. Pedersen 
A smooth particle mesh Ewald method
J. Chem. Phys. 103 (1995) pp. 8577-8592
-------- -------- --- Thank You --- -------- --------

Will do ordinary reciprocal space Ewald sum.
Using a Gaussian width (1/beta) of 0.320163 nm for Ewald
Cut-off's:   NS: 1   Coulomb: 1   LJ: 1
System total charge: 0.000
Generated table with 1000 data points for Ewald.
Tabscale = 500 points/nm
Generated table with 1000 data points for LJ6.
Tabscale = 500 points/nm
Generated table with 1000 data points for LJ12.
Tabscale = 500 points/nm
Generated table with 1000 data points for 1-4 COUL.
Tabscale = 500 points/nm
Generated table with 1000 data points for 1-4 LJ6.
Tabscale = 500 points/nm
Generated table with 1000 data points for 1-4 LJ12.
Tabscale = 500 points/nm

Using AVX-256 4x4 non-bonded kernels

Using Lorentz-Berthelot Lennard-Jones combination rule

Potential shift: LJ r^-12: 1.000 r^-6 1.000, Ewald 1.000e-05
Initialized non-bonded Ewald correction tables, spacing: 6.60e-04 size: 3033

Removing pbc first time
Pinning threads with an auto-selected logical core stride of 1

Initializing LINear Constraint Solver

++++ PLEASE READ AND CITE THE FOLLOWING REFERENCE ++++
B. Hess and H. Bekker and H. J. C. Berendsen and J. G. E. M. Fraaije
LINCS: A Linear Constraint Solver for molecular simulations
J. Comp. Chem. 18 (1997) pp. 1463-1472
-------- -------- --- Thank You --- -------- --------

The number of constraints is 21

++++ PLEASE READ AND CITE THE FOLLOWING REFERENCE ++++
S. Miyamoto and P. A. Kollman
SETTLE: An Analytical Version of the SHAKE and RATTLE Algorithms for Rigid
Water Models
J. Comp. Chem. 13 (1992) pp. 952-962
-------- -------- --- Thank You --- -------- --------

Center of mass motion removal mode is Linear
We have the following groups for center of mass motion removal:
  0:  rest

++++ PLEASE READ AND CITE THE FOLLOWING REFERENCE ++++
G. Bussi, D. Donadio and M. Parrinello
Canonical sampling through velocity rescaling
J. Chem. Phys. 126 (2007) pp. 014101
-------- -------- --- Thank You --- -------- --------

There are: 1372 Atoms

Constraining the starting coordinates (step 0)

Constraining the coordinates at t0-dt (step 0)
RMS relative constraint deviation after constraining: 2.35e-05
Initial temperature: 298.329 K

Started mdrun on node 0 Wed Sep 11 12:55:45 2013

           Step           Time         Lambda
              0        0.00000        0.00000

   Energies (kJ/mol)
            U-B    Proper Dih.  Improper Dih.      CMAP Dih.          LJ-14
    9.18383e+00    9.34291e+00    9.71761e-01   -2.81964e+00    1.18401e+01
     Coulomb-14        LJ (SR)   Coulomb (SR)   Coul. recip.      Potential
    2.33532e+02    8.74593e+03   -1.77651e+04    9.16318e+02   -7.84075e+03
    Kinetic En.   Total Energy  Conserved En.    Temperature Pressure (bar)
    3.77244e+03   -4.06832e+03   -4.06832e+03    3.30939e+02    3.51313e+04
   Constr. rmsd
    2.03714e-05

           Step           Time         Lambda
           1000        2.00000        0.00000

   Energies (kJ/mol)
            U-B    Proper Dih.  Improper Dih.      CMAP Dih.          LJ-14
    3.50743e+01    1.10032e+01    2.46146e+00   -3.17882e+00    3.91126e+00
     Coulomb-14        LJ (SR)   Coulomb (SR)   Coul. recip.      Potential
    2.14387e+02    2.38673e+03   -2.07155e+04    1.21903e+02   -1.79432e+04
    Kinetic En.   Total Energy  Conserved En.    Temperature Pressure (bar)
    3.35147e+03   -1.45918e+04   -4.28976e+03    2.94009e+02   -1.86602e+03
   Constr. rmsd
    1.56631e-05

           Step           Time         Lambda
           2000        4.00000        0.00000

   Energies (kJ/mol)
            U-B    Proper Dih.  Improper Dih.      CMAP Dih.          LJ-14
    3.72278e+01    1.30980e+01    4.40832e+00   -1.81208e+00    3.66407e+00
     Coulomb-14        LJ (SR)   Coulomb (SR)   Coul. recip.      Potential
    2.09556e+02    2.69417e+03   -2.09352e+04    1.13448e+02   -1.78614e+04
    Kinetic En.   Total Energy  Conserved En.    Temperature Pressure (bar)
    3.53098e+03   -1.43304e+04   -4.29162e+03    3.09757e+02   -1.82593e+02
   Constr. rmsd
    8.99303e-06

           Step           Time         Lambda
           3000        6.00000        0.00000

   Energies (kJ/mol)
            U-B    Proper Dih.  Improper Dih.      CMAP Dih.          LJ-14
    3.76161e+01    1.96704e+01    2.73020e+00   -1.31459e+01    4.60653e+00
     Coulomb-14        LJ (SR)   Coulomb (SR)   Coul. recip.      Potential
    2.13699e+02    2.66446e+03   -2.09460e+04    1.21062e+02   -1.78953e+04
    Kinetic En.   Total Energy  Conserved En.    Temperature Pressure (bar)
    3.55269e+03   -1.43426e+04   -4.29122e+03    3.11662e+02   -4.41976e+02
   Constr. rmsd
    2.04218e-05

           Step           Time         Lambda
           4000        8.00000        0.00000

   Energies (kJ/mol)
            U-B    Proper Dih.  Improper Dih.      CMAP Dih.          LJ-14
    4.88410e+01    1.53123e+01    3.77360e+00   -3.71740e+00    8.34076e+00
     Coulomb-14        LJ (SR)   Coulomb (SR)   Coul. recip.      Potential
    2.20805e+02    2.89468e+03   -2.11203e+04    1.10666e+02   -1.78216e+04
    Kinetic En.   Total Energy  Conserved En.    Temperature Pressure (bar)
    3.32621e+03   -1.44954e+04   -4.28790e+03    2.91793e+02    6.18592e+02
   Constr. rmsd
    6.31916e-06

           Step           Time         Lambda
           5000       10.00000        0.00000

   Energies (kJ/mol)
            U-B    Proper Dih.  Improper Dih.      CMAP Dih.          LJ-14
    3.81957e+01    2.66548e+01    3.31703e+00   -1.20574e+01    7.52467e+00
     Coulomb-14        LJ (SR)   Coulomb (SR)   Coul. recip.      Potential
    2.46095e+02    2.54091e+03   -2.09053e+04    1.10017e+02   -1.79447e+04
    Kinetic En.   Total Energy  Conserved En.    Temperature Pressure (bar)
    3.22200e+03   -1.47227e+04   -4.28599e+03    2.82652e+02   -8.82616e+02
   Constr. rmsd
    9.43039e-06

           Step           Time         Lambda
           6000       12.00000        0.00000

   Energies (kJ/mol)
            U-B    Proper Dih.  Improper Dih.      CMAP Dih.          LJ-14
    4.02118e+01    2.50339e+01    1.31091e+00   -2.01850e+01    5.32329e+00
     Coulomb-14        LJ (SR)   Coulomb (SR)   Coul. recip.      Potential
    2.16986e+02    2.64056e+03   -2.08311e+04    1.06019e+02   -1.78158e+04
    Kinetic En.   Total Energy  Conserved En.    Temperature Pressure (bar)
    3.37314e+03   -1.44427e+04   -4.28853e+03    2.95910e+02   -6.36448e+02
   Constr. rmsd
    1.64321e-05

           Step           Time         Lambda
           7000       14.00000        0.00000

   Energies (kJ/mol)
            U-B    Proper Dih.  Improper Dih.      CMAP Dih.          LJ-14
    3.24982e+01    8.95974e+00    3.72070e+00    1.51056e+01    7.36334e+00
     Coulomb-14        LJ (SR)   Coulomb (SR)   Coul. recip.      Potential
    2.25611e+02    2.87110e+03   -2.10704e+04    1.32314e+02   -1.77737e+04
    Kinetic En.   Total Energy  Conserved En.    Temperature Pressure (bar)
    3.40805e+03   -1.43657e+04   -4.28701e+03    2.98972e+02    4.20770e+02
   Constr. rmsd
    1.33396e-05

           Step           Time         Lambda
           8000       16.00000        0.00000

   Energies (kJ/mol)
            U-B    Proper Dih.  Improper Dih.      CMAP Dih.          LJ-14
    3.54114e+01    1.96769e+01    7.30858e+00   -3.97133e+00    9.76613e+00
     Coulomb-14        LJ (SR)   Coulomb (SR)   Coul. recip.      Potential
    2.42288e+02    2.55653e+03   -2.09637e+04    1.15440e+02   -1.79812e+04
    Kinetic En.   Total Energy  Conserved En.    Temperature Pressure (bar)
    3.36573e+03   -1.46155e+04   -4.28666e+03    2.95260e+02   -1.14821e+03
   Constr. rmsd
    1.47644e-05

           Step           Time         Lambda
           9000       18.00000        0.00000

   Energies (kJ/mol)
            U-B    Proper Dih.  Improper Dih.      CMAP Dih.          LJ-14
    4.84776e+01    1.43044e+01    3.51405e+00   -4.71788e+00    4.17140e+00
     Coulomb-14        LJ (SR)   Coulomb (SR)   Coul. recip.      Potential
    2.14642e+02    2.76775e+03   -2.11199e+04    1.05241e+02   -1.79665e+04
    Kinetic En.   Total Energy  Conserved En.    Temperature Pressure (bar)
    3.43145e+03   -1.45351e+04   -4.28657e+03    3.01026e+02   -1.41804e+02
   Constr. rmsd
    1.94460e-05

           Step           Time         Lambda
          10000       20.00000        0.00000

   Energies (kJ/mol)
            U-B    Proper Dih.  Improper Dih.      CMAP Dih.          LJ-14
    4.54698e+01    1.60404e+01    1.95165e+00   -5.90361e+00    5.12199e+00
     Coulomb-14        LJ (SR)   Coulomb (SR)   Coul. recip.      Potential
    2.23060e+02    2.98648e+03   -2.14585e+04    8.68555e+01   -1.80994e+04
    Kinetic En.   Total Energy  Conserved En.    Temperature Pressure (bar)
    3.23146e+03   -1.48679e+04   -4.28843e+03    2.83481e+02    2.31854e+02
   Constr. rmsd
    2.48390e-05

           Step           Time         Lambda
          11000       22.00000        0.00000

   Energies (kJ/mol)
            U-B    Proper Dih.  Improper Dih.      CMAP Dih.          LJ-14
    3.42588e+01    3.21808e+01    4.29258e+00   -1.20990e+01    6.93920e+00
     Coulomb-14        LJ (SR)   Coulomb (SR)   Coul. recip.      Potential
    2.24575e+02    2.78466e+03   -2.11705e+04    1.35591e+02   -1.79601e+04
    Kinetic En.   Total Energy  Conserved En.    Temperature Pressure (bar)
    3.45899e+03   -1.45011e+04   -4.28728e+03    3.03442e+02   -2.02048e+02
   Constr. rmsd
    2.07242e-05

           Step           Time         Lambda
          12000       24.00000        0.00000

   Energies (kJ/mol)
            U-B    Proper Dih.  Improper Dih.      CMAP Dih.          LJ-14
    3.97144e+01    2.15802e+01    4.42207e+00   -1.38728e+01    6.80339e+00
     Coulomb-14        LJ (SR)   Coulomb (SR)   Coul. recip.      Potential
    2.34895e+02    3.18311e+03   -2.14491e+04    1.22591e+02   -1.78498e+04
    Kinetic En.   Total Energy  Conserved En.    Temperature Pressure (bar)
    3.29608e+03   -1.45537e+04   -4.28898e+03    2.89150e+02    1.47654e+03
   Constr. rmsd
    1.61486e-05

           Step           Time         Lambda
          13000       26.00000        0.00000

   Energies (kJ/mol)
            U-B    Proper Dih.  Improper Dih.      CMAP Dih.          LJ-14
    3.87070e+01    1.81311e+01    2.44179e+00   -7.82285e+00    6.35583e+00
     Coulomb-14        LJ (SR)   Coulomb (SR)   Coul. recip.      Potential
    2.28220e+02    2.91074e+03   -2.10693e+04    1.05278e+02   -1.77673e+04
    Kinetic En.   Total Energy  Conserved En.    Temperature Pressure (bar)
    3.35337e+03   -1.44139e+04   -4.28792e+03    2.94176e+02    5.64530e+02
   Constr. rmsd
    1.21464e-05

           Step           Time         Lambda
          14000       28.00000        0.00000

   Energies (kJ/mol)
            U-B    Proper Dih.  Improper Dih.      CMAP Dih.          LJ-14
    4.91131e+01    2.06796e+01    1.99290e+00   -1.19093e+01    4.99221e+00
     Coulomb-14        LJ (SR)   Coulomb (SR)   Coul. recip.      Potential
    2.15685e+02    2.79442e+03   -2.12706e+04    1.16766e+02   -1.80789e+04
    Kinetic En.   Total Energy  Conserved En.    Temperature Pressure (bar)
    3.36714e+03   -1.47117e+04   -4.28681e+03    2.95384e+02   -1.21411e+02
   Constr. rmsd
    9.31230e-06

           Step           Time         Lambda
          15000       30.00000        0.00000

   Energies (kJ/mol)
            U-B    Proper Dih.  Improper Dih.      CMAP Dih.          LJ-14
    3.27700e+01    2.59435e+01    4.51558e+00   -6.06609e+00    2.55509e+00
     Coulomb-14        LJ (SR)   Coulomb (SR)   Coul. recip.      Potential
    2.23646e+02    2.87800e+03   -2.13077e+04    1.28746e+02   -1.80176e+04
    Kinetic En.   Total Energy  Conserved En.    Temperature Pressure (bar)
    3.42573e+03   -1.45918e+04   -4.28888e+03    3.00523e+02    9.76615e+01
   Constr. rmsd
    2.18341e-05

           Step           Time         Lambda
          16000       32.00000        0.00000

   Energies (kJ/mol)
            U-B    Proper Dih.  Improper Dih.      CMAP Dih.          LJ-14
    3.97955e+01    1.11058e+01    4.46350e+00   -4.31516e+00    1.13896e+01
     Coulomb-14        LJ (SR)   Coulomb (SR)   Coul. recip.      Potential
    2.23004e+02    2.71394e+03   -2.09681e+04    1.11221e+02   -1.78575e+04
    Kinetic En.   Total Energy  Conserved En.    Temperature Pressure (bar)
    3.49517e+03   -1.43623e+04   -4.28800e+03    3.06615e+02   -1.57640e+02
   Constr. rmsd
    9.24604e-06

           Step           Time         Lambda
          17000       34.00000        0.00000

   Energies (kJ/mol)
            U-B    Proper Dih.  Improper Dih.      CMAP Dih.          LJ-14
    5.50216e+01    1.72786e+01    5.89126e+00   -5.15812e+00    5.65510e+00
     Coulomb-14        LJ (SR)   Coulomb (SR)   Coul. recip.      Potential
    2.16396e+02    2.83970e+03   -2.11244e+04    1.12970e+02   -1.78766e+04
    Kinetic En.   Total Energy  Conserved En.    Temperature Pressure (bar)
    3.41710e+03   -1.44595e+04   -4.28836e+03    2.99767e+02    2.66039e+02
   Constr. rmsd
    1.64491e-05

           Step           Time         Lambda
          18000       36.00000        0.00000

   Energies (kJ/mol)
            U-B    Proper Dih.  Improper Dih.      CMAP Dih.          LJ-14
    5.89073e+01    1.85780e+01    3.78166e+00   -5.57500e+00    2.63236e+00
     Coulomb-14        LJ (SR)   Coulomb (SR)   Coul. recip.      Potential
    2.10056e+02    2.54940e+03   -2.06882e+04    1.29739e+02   -1.77206e+04
    Kinetic En.   Total Energy  Conserved En.    Temperature Pressure (bar)
    3.28627e+03   -1.44344e+04   -4.28821e+03    2.88290e+02   -8.80067e+02
   Constr. rmsd
    1.34489e-05

           Step           Time         Lambda
          19000       38.00000        0.00000

   Energies (kJ/mol)
            U-B    Proper Dih.  Improper Dih.      CMAP Dih.          LJ-14
    4.58117e+01    1.89070e+01    1.01797e+01   -7.21696e+00    3.08786e+00
     Coulomb-14        LJ (SR)   Coulomb (SR)   Coul. recip.      Potential
    2.18036e+02    2.85897e+03   -2.10737e+04    1.21007e+02   -1.78049e+04
    Kinetic En.   Total Energy  Conserved En.    Temperature Pressure (bar)
    3.31635e+03   -1.44886e+04   -4.28883e+03    2.90929e+02    1.38473e+02
   Constr. rmsd
    9.91497e-06

           Step           Time         Lambda
          20000       40.00000        0.00000

   Energies (kJ/mol)
            U-B    Proper Dih.  Improper Dih.      CMAP Dih.          LJ-14
    3.20791e+01    1.25108e+01    3.83536e+00   -5.36122e+00    6.53024e+00
     Coulomb-14        LJ (SR)   Coulomb (SR)   Coul. recip.      Potential
    2.22265e+02    2.85698e+03   -2.13673e+04    9.48148e+01   -1.81437e+04
    Kinetic En.   Total Energy  Conserved En.    Temperature Pressure (bar)
    3.33592e+03   -1.48078e+04   -4.29160e+03    2.92645e+02   -6.86976e+01
   Constr. rmsd
    1.16559e-05

           Step           Time         Lambda
          21000       42.00000        0.00000

   Energies (kJ/mol)
            U-B    Proper Dih.  Improper Dih.      CMAP Dih.          LJ-14
    4.21091e+01    1.23045e+01    7.85753e-01   -5.20329e+00    9.66147e+00
     Coulomb-14        LJ (SR)   Coulomb (SR)   Coul. recip.      Potential
    2.21387e+02    2.62991e+03   -2.09956e+04    1.13971e+02   -1.79707e+04
    Kinetic En.   Total Energy  Conserved En.    Temperature Pressure (bar)
    3.56326e+03   -1.44074e+04   -4.29065e+03    3.12589e+02   -6.02316e+02
   Constr. rmsd
    1.04916e-05

           Step           Time         Lambda
          22000       44.00000        0.00000

   Energies (kJ/mol)
            U-B    Proper Dih.  Improper Dih.      CMAP Dih.          LJ-14
    3.49070e+01    3.04121e+01    6.28673e+00   -1.32880e+01    2.75900e+00
     Coulomb-14        LJ (SR)   Coulomb (SR)   Coul. recip.      Potential
    2.28067e+02    2.85920e+03   -2.12441e+04    1.33040e+02   -1.79627e+04
    Kinetic En.   Total Energy  Conserved En.    Temperature Pressure (bar)
    3.37208e+03   -1.45906e+04   -4.29153e+03    2.95817e+02   -5.68780e+01
   Constr. rmsd
    9.95353e-06

           Step           Time         Lambda
          23000       46.00000        0.00000

   Energies (kJ/mol)
            U-B    Proper Dih.  Improper Dih.      CMAP Dih.          LJ-14
    4.52853e+01    1.53428e+01    3.50236e+00   -5.13987e+00    3.92228e+00
     Coulomb-14        LJ (SR)   Coulomb (SR)   Coul. recip.      Potential
    2.16140e+02    2.70482e+03   -2.10268e+04    1.19204e+02   -1.79237e+04
    Kinetic En.   Total Energy  Conserved En.    Temperature Pressure (bar)
    3.41700e+03   -1.45067e+04   -4.29148e+03    2.99758e+02   -5.38451e+02
   Constr. rmsd
    1.24188e-05

           Step           Time         Lambda
          24000       48.00000        0.00000

   Energies (kJ/mol)
            U-B    Proper Dih.  Improper Dih.      CMAP Dih.          LJ-14
    4.44824e+01    1.64712e+01    3.12581e+00   -4.32602e+00    6.75639e+00
     Coulomb-14        LJ (SR)   Coulomb (SR)   Coul. recip.      Potential
    2.21754e+02    2.77651e+03   -2.10644e+04    1.25984e+02   -1.78736e+04
    Kinetic En.   Total Energy  Conserved En.    Temperature Pressure (bar)
    3.40567e+03   -1.44680e+04   -4.29058e+03    2.98764e+02    1.57672e+02
   Constr. rmsd
    1.16487e-05

           Step           Time         Lambda
          25000       50.00000        0.00000

   Energies (kJ/mol)
            U-B    Proper Dih.  Improper Dih.      CMAP Dih.          LJ-14
    6.10873e+01    1.33623e+01    1.20854e+00   -1.50723e+00    7.11687e+00
     Coulomb-14        LJ (SR)   Coulomb (SR)   Coul. recip.      Potential
    2.09885e+02    2.78265e+03   -2.06587e+04    1.26180e+02   -1.74587e+04
    Kinetic En.   Total Energy  Conserved En.    Temperature Pressure (bar)
    3.30015e+03   -1.41585e+04   -4.28848e+03    2.89507e+02    6.02681e+02
   Constr. rmsd
    1.29043e-05

           Step           Time         Lambda
          26000       52.00000        0.00000

   Energies (kJ/mol)
            U-B    Proper Dih.  Improper Dih.      CMAP Dih.          LJ-14
    4.52537e+01    1.83502e+01    3.83783e+00   -9.47472e+00    3.69599e+00
     Coulomb-14        LJ (SR)   Coulomb (SR)   Coul. recip.      Potential
    2.12023e+02    2.76370e+03   -2.10146e+04    1.03511e+02   -1.78737e+04
    Kinetic En.   Total Energy  Conserved En.    Temperature Pressure (bar)
    3.40687e+03   -1.44668e+04   -4.29294e+03    2.98870e+02   -1.49703e+02
   Constr. rmsd
    1.54377e-05

           Step           Time         Lambda
          27000       54.00000        0.00000

   Energies (kJ/mol)
            U-B    Proper Dih.  Improper Dih.      CMAP Dih.          LJ-14
    4.23795e+01    1.53631e+01    2.82981e+00   -4.12428e+00    8.39815e+00
     Coulomb-14        LJ (SR)   Coulomb (SR)   Coul. recip.      Potential
    2.32446e+02    2.96746e+03   -2.14495e+04    1.17658e+02   -1.80671e+04
    Kinetic En.   Total Energy  Conserved En.    Temperature Pressure (bar)
    3.38325e+03   -1.46838e+04   -4.28508e+03    2.96798e+02    3.60799e+02
   Constr. rmsd
    7.04051e-06

           Step           Time         Lambda
          28000       56.00000        0.00000

   Energies (kJ/mol)
            U-B    Proper Dih.  Improper Dih.      CMAP Dih.          LJ-14
    3.31323e+01    2.15439e+01    1.16412e+00   -1.31795e+01    2.73302e+00
     Coulomb-14        LJ (SR)   Coulomb (SR)   Coul. recip.      Potential
    2.22255e+02    2.66969e+03   -2.10976e+04    1.31323e+02   -1.80290e+04
    Kinetic En.   Total Energy  Conserved En.    Temperature Pressure (bar)
    3.19177e+03   -1.48372e+04   -4.29071e+03    2.79999e+02   -7.04789e+02
   Constr. rmsd
    1.91231e-05

           Step           Time         Lambda
          29000       58.00000        0.00000

   Energies (kJ/mol)
            U-B    Proper Dih.  Improper Dih.      CMAP Dih.          LJ-14
    3.45254e+01    2.28767e+01    6.47893e+00   -1.27495e+01    4.50640e+00
     Coulomb-14        LJ (SR)   Coulomb (SR)   Coul. recip.      Potential
    2.44728e+02    2.64707e+03   -2.08847e+04    1.18740e+02   -1.78185e+04
    Kinetic En.   Total Energy  Conserved En.    Temperature Pressure (bar)
    3.40676e+03   -1.44117e+04   -4.28972e+03    2.98860e+02   -8.12934e+02
   Constr. rmsd
    1.86520e-05

           Step           Time         Lambda
          30000       60.00000        0.00000

   Energies (kJ/mol)
            U-B    Proper Dih.  Improper Dih.      CMAP Dih.          LJ-14
    1.77559e+01    2.89456e+01    3.89894e+00   -1.52205e+01    5.14706e+00
     Coulomb-14        LJ (SR)   Coulomb (SR)   Coul. recip.      Potential
    2.38307e+02    3.11284e+03   -2.16355e+04    1.17242e+02   -1.81265e+04
    Kinetic En.   Total Energy  Conserved En.    Temperature Pressure (bar)
    3.57198e+03   -1.45546e+04   -4.28970e+03    3.13354e+02    8.53827e+02
   Constr. rmsd
    8.33712e-06

           Step           Time         Lambda
          31000       62.00000        0.00000

   Energies (kJ/mol)
            U-B    Proper Dih.  Improper Dih.      CMAP Dih.          LJ-14
    3.46819e+01    2.62486e+01    1.91338e+00   -1.83706e+01    5.89863e+00
     Coulomb-14        LJ (SR)   Coulomb (SR)   Coul. recip.      Potential
    2.32078e+02    2.80782e+03   -2.11433e+04    1.15108e+02   -1.79380e+04
    Kinetic En.   Total Energy  Conserved En.    Temperature Pressure (bar)
    3.40745e+03   -1.45305e+04   -4.28773e+03    2.98920e+02   -8.72060e+01
   Constr. rmsd
    8.84650e-06

           Step           Time         Lambda
          32000       64.00000        0.00000

   Energies (kJ/mol)
            U-B    Proper Dih.  Improper Dih.      CMAP Dih.          LJ-14
    3.81466e+01    1.53923e+01    3.25548e+00   -5.03996e+00    7.38467e+00
     Coulomb-14        LJ (SR)   Coulomb (SR)   Coul. recip.      Potential
    2.13027e+02    2.85433e+03   -2.12497e+04    1.19323e+02   -1.80039e+04
    Kinetic En.   Total Energy  Conserved En.    Temperature Pressure (bar)
    3.23216e+03   -1.47717e+04   -4.28630e+03    2.83543e+02   -2.85322e+02
   Constr. rmsd
    7.27648e-06

           Step           Time         Lambda
          33000       66.00000        0.00000

   Energies (kJ/mol)
            U-B    Proper Dih.  Improper Dih.      CMAP Dih.          LJ-14
    3.79298e+01    2.02889e+01    3.93388e+00   -1.11189e+01    3.07313e+00
     Coulomb-14        LJ (SR)   Coulomb (SR)   Coul. recip.      Potential
    2.28962e+02    2.72588e+03   -2.11135e+04    1.18102e+02   -1.79865e+04
    Kinetic En.   Total Energy  Conserved En.    Temperature Pressure (bar)
    3.40478e+03   -1.45817e+04   -4.28680e+03    2.98686e+02   -6.33418e+02
   Constr. rmsd
    1.86609e-05

           Step           Time         Lambda
          34000       68.00000        0.00000

   Energies (kJ/mol)
            U-B    Proper Dih.  Improper Dih.      CMAP Dih.          LJ-14
    3.23328e+01    1.38486e+01    7.91450e-01   -2.60581e+00    6.29844e+00
     Coulomb-14        LJ (SR)   Coulomb (SR)   Coul. recip.      Potential
    2.30729e+02    2.75714e+03   -2.11887e+04    1.18331e+02   -1.80318e+04
    Kinetic En.   Total Energy  Conserved En.    Temperature Pressure (bar)
    3.51230e+03   -1.45195e+04   -4.28841e+03    3.08118e+02   -4.86748e+02
   Constr. rmsd
    1.50962e-05

           Step           Time         Lambda
          35000       70.00000        0.00000

   Energies (kJ/mol)
            U-B    Proper Dih.  Improper Dih.      CMAP Dih.          LJ-14
    3.74687e+01    1.84240e+01    3.14128e+00   -1.37491e+00    9.91947e+00
     Coulomb-14        LJ (SR)   Coulomb (SR)   Coul. recip.      Potential
    2.27568e+02    2.89714e+03   -2.13200e+04    1.17317e+02   -1.80104e+04
    Kinetic En.   Total Energy  Conserved En.    Temperature Pressure (bar)
    3.57952e+03   -1.44309e+04   -4.28645e+03    3.14015e+02    5.94194e+02
   Constr. rmsd
    5.62256e-06

           Step           Time         Lambda
          36000       72.00000        0.00000

   Energies (kJ/mol)
            U-B    Proper Dih.  Improper Dih.      CMAP Dih.          LJ-14
    5.19673e+01    2.07444e+01    1.99543e+00   -1.25470e+01    1.45733e+00
     Coulomb-14        LJ (SR)   Coulomb (SR)   Coul. recip.      Potential
    2.16925e+02    2.79709e+03   -2.11056e+04    1.17548e+02   -1.79104e+04
    Kinetic En.   Total Energy  Conserved En.    Temperature Pressure (bar)
    3.47743e+03   -1.44330e+04   -4.28533e+03    3.05059e+02   -7.69985e+01
   Constr. rmsd
    1.22271e-05

           Step           Time         Lambda
          37000       74.00000        0.00000

   Energies (kJ/mol)
            U-B    Proper Dih.  Improper Dih.      CMAP Dih.          LJ-14
    4.49291e+01    2.06539e+01    3.03904e+00   -3.16741e+00    2.28873e+00
     Coulomb-14        LJ (SR)   Coulomb (SR)   Coul. recip.      Potential
    2.11015e+02    2.58390e+03   -2.08041e+04    1.08272e+02   -1.78332e+04
    Kinetic En.   Total Energy  Conserved En.    Temperature Pressure (bar)
    3.42896e+03   -1.44042e+04   -4.28816e+03    3.00808e+02   -1.08321e+03
   Constr. rmsd
    1.85012e-05

           Step           Time         Lambda
          38000       76.00000        0.00000

   Energies (kJ/mol)
            U-B    Proper Dih.  Improper Dih.      CMAP Dih.          LJ-14
    3.86332e+01    1.97163e+01    5.34899e+00   -1.25574e+01    4.35208e+00
     Coulomb-14        LJ (SR)   Coulomb (SR)   Coul. recip.      Potential
    2.21740e+02    2.61591e+03   -2.10595e+04    1.06314e+02   -1.80600e+04
    Kinetic En.   Total Energy  Conserved En.    Temperature Pressure (bar)
    3.44029e+03   -1.46197e+04   -4.28669e+03    3.01801e+02   -9.65505e+02
   Constr. rmsd
    1.02708e-05

           Step           Time         Lambda
          39000       78.00000        0.00000

   Energies (kJ/mol)
            U-B    Proper Dih.  Improper Dih.      CMAP Dih.          LJ-14
    2.28903e+01    2.48706e+01    3.55601e+00   -9.27617e+00    5.59717e+00
     Coulomb-14        LJ (SR)   Coulomb (SR)   Coul. recip.      Potential
    2.32530e+02    2.92418e+03   -2.14279e+04    1.19865e+02   -1.81037e+04
    Kinetic En.   Total Energy  Conserved En.    Temperature Pressure (bar)
    3.47152e+03   -1.46322e+04   -4.28508e+03    3.04541e+02    1.25106e+02
   Constr. rmsd
    9.34740e-06

           Step           Time         Lambda
          40000       80.00000        0.00000

   Energies (kJ/mol)
            U-B    Proper Dih.  Improper Dih.      CMAP Dih.          LJ-14
    3.37592e+01    2.42371e+01    3.15780e+00   -1.39171e+01    3.23394e+00
     Coulomb-14        LJ (SR)   Coulomb (SR)   Coul. recip.      Potential
    2.31045e+02    2.89413e+03   -2.12371e+04    1.33015e+02   -1.79284e+04
    Kinetic En.   Total Energy  Conserved En.    Temperature Pressure (bar)
    3.44567e+03   -1.44827e+04   -4.28737e+03    3.02273e+02    1.28172e+02
   Constr. rmsd
    1.39549e-05

           Step           Time         Lambda
          41000       82.00000        0.00000

   Energies (kJ/mol)
            U-B    Proper Dih.  Improper Dih.      CMAP Dih.          LJ-14
    1.31564e+01    2.26695e+01    1.27526e+01   -4.94732e+00    4.76955e+00
     Coulomb-14        LJ (SR)   Coulomb (SR)   Coul. recip.      Potential
    2.24285e+02    2.74225e+03   -2.10840e+04    1.20449e+02   -1.79487e+04
    Kinetic En.   Total Energy  Conserved En.    Temperature Pressure (bar)
    3.20070e+03   -1.47480e+04   -4.28507e+03    2.80783e+02   -5.95149e+02
   Constr. rmsd
    1.18455e-05

           Step           Time         Lambda
          42000       84.00000        0.00000

   Energies (kJ/mol)
            U-B    Proper Dih.  Improper Dih.      CMAP Dih.          LJ-14
    2.30264e+01    1.12011e+01    6.34413e+00   -1.92444e+00    1.00285e+01
     Coulomb-14        LJ (SR)   Coulomb (SR)   Coul. recip.      Potential
    2.28814e+02    2.64402e+03   -2.08529e+04    1.37787e+02   -1.77936e+04
    Kinetic En.   Total Energy  Conserved En.    Temperature Pressure (bar)
    3.34437e+03   -1.44492e+04   -4.28673e+03    2.93386e+02   -5.47304e+02
   Constr. rmsd
    6.33008e-06

           Step           Time         Lambda
          43000       86.00000        0.00000

   Energies (kJ/mol)
            U-B    Proper Dih.  Improper Dih.      CMAP Dih.          LJ-14
    4.17570e+01    1.82035e+01    1.68006e+00   -1.10036e+01    7.92818e+00
     Coulomb-14        LJ (SR)   Coulomb (SR)   Coul. recip.      Potential
    2.27053e+02    2.85962e+03   -2.10221e+04    1.24782e+02   -1.77521e+04
    Kinetic En.   Total Energy  Conserved En.    Temperature Pressure (bar)
    3.60745e+03   -1.41447e+04   -4.28587e+03    3.16465e+02    5.06239e+02
   Constr. rmsd
    1.07337e-05

           Step           Time         Lambda
          44000       88.00000        0.00000

   Energies (kJ/mol)
            U-B    Proper Dih.  Improper Dih.      CMAP Dih.          LJ-14
    5.62723e+01    2.47220e+01    7.97975e+00   -8.08346e+00    1.99101e+00
     Coulomb-14        LJ (SR)   Coulomb (SR)   Coul. recip.      Potential
    2.17552e+02    2.64951e+03   -2.09923e+04    1.06299e+02   -1.79361e+04
    Kinetic En.   Total Energy  Conserved En.    Temperature Pressure (bar)
    3.36482e+03   -1.45712e+04   -4.28557e+03    2.95180e+02   -7.85944e+02
   Constr. rmsd
    1.90436e-05

           Step           Time         Lambda
          45000       90.00000        0.00000

   Energies (kJ/mol)
            U-B    Proper Dih.  Improper Dih.      CMAP Dih.          LJ-14
    3.54493e+01    2.43704e+01    5.94567e+00   -1.34102e+01    6.51427e+00
     Coulomb-14        LJ (SR)   Coulomb (SR)   Coul. recip.      Potential
    2.31860e+02    2.79720e+03   -2.11103e+04    1.08719e+02   -1.79136e+04
    Kinetic En.   Total Energy  Conserved En.    Temperature Pressure (bar)
    3.48055e+03   -1.44331e+04   -4.28520e+03    3.05333e+02   -1.04310e+02
   Constr. rmsd
    1.80277e-05

           Step           Time         Lambda
          46000       92.00000        0.00000

   Energies (kJ/mol)
            U-B    Proper Dih.  Improper Dih.      CMAP Dih.          LJ-14
    2.91716e+01    1.21136e+01    3.36276e+00   -1.85966e+00    8.69176e+00
     Coulomb-14        LJ (SR)   Coulomb (SR)   Coul. recip.      Potential
    2.33394e+02    2.71679e+03   -2.12191e+04    1.13248e+02   -1.81042e+04
    Kinetic En.   Total Energy  Conserved En.    Temperature Pressure (bar)
    3.35387e+03   -1.47503e+04   -4.28626e+03    2.94220e+02   -6.20210e+02
   Constr. rmsd
    1.26595e-05

           Step           Time         Lambda
          47000       94.00000        0.00000

   Energies (kJ/mol)
            U-B    Proper Dih.  Improper Dih.      CMAP Dih.          LJ-14
    2.84934e+01    2.34726e+01    6.37829e+00   -3.46980e+00    5.50993e+00
     Coulomb-14        LJ (SR)   Coulomb (SR)   Coul. recip.      Potential
    2.28217e+02    2.70308e+03   -2.09058e+04    1.25179e+02   -1.77889e+04
    Kinetic En.   Total Energy  Conserved En.    Temperature Pressure (bar)
    3.46951e+03   -1.43194e+04   -4.28551e+03    3.04364e+02   -2.45831e+02
   Constr. rmsd
    1.55279e-05

           Step           Time         Lambda
          48000       96.00000        0.00000

   Energies (kJ/mol)
            U-B    Proper Dih.  Improper Dih.      CMAP Dih.          LJ-14
    3.95820e+01    1.40162e+01    3.38457e+00   -4.89910e+00    9.64498e+00
     Coulomb-14        LJ (SR)   Coulomb (SR)   Coul. recip.      Potential
    2.28853e+02    2.83363e+03   -2.10376e+04    1.18025e+02   -1.77953e+04
    Kinetic En.   Total Energy  Conserved En.    Temperature Pressure (bar)
    3.43229e+03   -1.43631e+04   -4.28270e+03    3.01100e+02    3.82167e+02
   Constr. rmsd
    5.07834e-06

           Step           Time         Lambda
          49000       98.00000        0.00000

   Energies (kJ/mol)
            U-B    Proper Dih.  Improper Dih.      CMAP Dih.          LJ-14
    3.03942e+01    1.16866e+01    3.73414e+00    1.10346e+00    9.23018e+00
     Coulomb-14        LJ (SR)   Coulomb (SR)   Coul. recip.      Potential
    2.27759e+02    2.67453e+03   -2.10265e+04    1.12004e+02   -1.79561e+04
    Kinetic En.   Total Energy  Conserved En.    Temperature Pressure (bar)
    3.51156e+03   -1.44445e+04   -4.28772e+03    3.08054e+02   -8.26504e+02
   Constr. rmsd
    1.49807e-05

           Step           Time         Lambda
          50000      100.00000        0.00000

   Energies (kJ/mol)
            U-B    Proper Dih.  Improper Dih.      CMAP Dih.          LJ-14
    4.55112e+01    1.20523e+01    3.60595e+00   -2.09119e+00    6.40329e+00
     Coulomb-14        LJ (SR)   Coulomb (SR)   Coul. recip.      Potential
    2.11145e+02    2.88754e+03   -2.10812e+04    1.21024e+02   -1.77960e+04
    Kinetic En.   Total Energy  Conserved En.    Temperature Pressure (bar)
    3.36368e+03   -1.44323e+04   -4.28471e+03    2.95080e+02    2.70700e+02
   Constr. rmsd
    1.67724e-05

           Step           Time         Lambda
          51000      102.00000        0.00000

   Energies (kJ/mol)
            U-B    Proper Dih.  Improper Dih.      CMAP Dih.          LJ-14
    3.84922e+01    2.49386e+01    1.77766e+00   -1.57824e+01    3.73604e+00
     Coulomb-14        LJ (SR)   Coulomb (SR)   Coul. recip.      Potential
    2.23034e+02    2.91939e+03   -2.12579e+04    1.09622e+02   -1.79527e+04
    Kinetic En.   Total Energy  Conserved En.    Temperature Pressure (bar)
    3.40677e+03   -1.45459e+04   -4.28650e+03    2.98860e+02    3.78601e+02
   Constr. rmsd
    9.46195e-06

           Step           Time         Lambda
          52000      104.00000        0.00000

   Energies (kJ/mol)
            U-B    Proper Dih.  Improper Dih.      CMAP Dih.          LJ-14
    3.87723e+01    1.36376e+01    6.07668e+00   -3.41256e+00    1.16634e+01
     Coulomb-14        LJ (SR)   Coulomb (SR)   Coul. recip.      Potential
    2.36340e+02    2.65017e+03   -2.11791e+04    1.15454e+02   -1.81104e+04
    Kinetic En.   Total Energy  Conserved En.    Temperature Pressure (bar)
    3.29227e+03   -1.48181e+04   -4.28463e+03    2.88816e+02   -6.04539e+02
   Constr. rmsd
    4.09632e-06

           Step           Time         Lambda
          53000      106.00000        0.00000

   Energies (kJ/mol)
            U-B    Proper Dih.  Improper Dih.      CMAP Dih.          LJ-14
    4.69502e+01    1.20908e+01    4.69208e-01   -5.24331e+00    8.41158e+00
     Coulomb-14        LJ (SR)   Coulomb (SR)   Coul. recip.      Potential
    2.14026e+02    2.92953e+03   -2.14261e+04    1.13897e+02   -1.81060e+04
    Kinetic En.   Total Energy  Conserved En.    Temperature Pressure (bar)
    3.42536e+03   -1.46806e+04   -4.28544e+03    3.00492e+02    4.35072e+02
   Constr. rmsd
    9.34327e-06

           Step           Time         Lambda
          54000      108.00000        0.00000

   Energies (kJ/mol)
            U-B    Proper Dih.  Improper Dih.      CMAP Dih.          LJ-14
    2.37041e+01    1.15502e+01    1.90162e+00   -2.63783e+00    8.08390e+00
     Coulomb-14        LJ (SR)   Coulomb (SR)   Coul. recip.      Potential
    2.33185e+02    2.82472e+03   -2.11840e+04    1.26632e+02   -1.79568e+04
    Kinetic En.   Total Energy  Conserved En.    Temperature Pressure (bar)
    3.46896e+03   -1.44879e+04   -4.28637e+03    3.04316e+02   -3.88607e+01
   Constr. rmsd
    1.44628e-05

           Step           Time         Lambda
          55000      110.00000        0.00000

   Energies (kJ/mol)
            U-B    Proper Dih.  Improper Dih.      CMAP Dih.          LJ-14
    3.99685e+01    1.11735e+01    8.23636e+00   -3.09238e+00    5.54531e+00
     Coulomb-14        LJ (SR)   Coulomb (SR)   Coul. recip.      Potential
    2.15580e+02    2.91228e+03   -2.12935e+04    1.18723e+02   -1.79851e+04
    Kinetic En.   Total Energy  Conserved En.    Temperature Pressure (bar)
    3.56529e+03   -1.44198e+04   -4.28490e+03    3.12767e+02    3.57698e+02
   Constr. rmsd
    1.63449e-05

           Step           Time         Lambda
          56000      112.00000        0.00000

   Energies (kJ/mol)
            U-B    Proper Dih.  Improper Dih.      CMAP Dih.          LJ-14
    4.17716e+01    1.60408e+01    8.96864e+00   -3.01928e+00    2.95118e+00
     Coulomb-14        LJ (SR)   Coulomb (SR)   Coul. recip.      Potential
    2.21078e+02    2.63721e+03   -2.10219e+04    1.08670e+02   -1.79882e+04
    Kinetic En.   Total Energy  Conserved En.    Temperature Pressure (bar)
    3.30115e+03   -1.46871e+04   -4.28210e+03    2.89595e+02   -1.16805e+03
   Constr. rmsd
    2.99040e-05

           Step           Time         Lambda
          57000      114.00000        0.00000

   Energies (kJ/mol)
            U-B    Proper Dih.  Improper Dih.      CMAP Dih.          LJ-14
    4.60428e+01    2.18995e+01    1.26460e+01   -8.90576e+00    3.90900e+00
     Coulomb-14        LJ (SR)   Coulomb (SR)   Coul. recip.      Potential
    2.23598e+02    2.79147e+03   -2.09520e+04    1.13197e+02   -1.77481e+04
    Kinetic En.   Total Energy  Conserved En.    Temperature Pressure (bar)
    3.34402e+03   -1.44041e+04   -4.28199e+03    2.93355e+02    1.26466e+02
   Constr. rmsd
    1.89666e-05

           Step           Time         Lambda
          58000      116.00000        0.00000

   Energies (kJ/mol)
            U-B    Proper Dih.  Improper Dih.      CMAP Dih.          LJ-14
    6.03095e+01    2.76037e+01    3.89863e+00   -5.35410e+00    3.55614e+00
     Coulomb-14        LJ (SR)   Coulomb (SR)   Coul. recip.      Potential
    2.05539e+02    2.67813e+03   -2.09996e+04    1.09890e+02   -1.79160e+04
    Kinetic En.   Total Energy  Conserved En.    Temperature Pressure (bar)
    3.43454e+03   -1.44815e+04   -4.28584e+03    3.01297e+02   -7.54750e+02
   Constr. rmsd
    1.96948e-05

           Step           Time         Lambda
          59000      118.00000        0.00000

   Energies (kJ/mol)
            U-B    Proper Dih.  Improper Dih.      CMAP Dih.          LJ-14
    5.92934e+01    1.74687e+01    5.16161e+00   -1.07757e+01    4.78361e+00
     Coulomb-14        LJ (SR)   Coulomb (SR)   Coul. recip.      Potential
    2.19697e+02    2.79958e+03   -2.11440e+04    1.16680e+02   -1.79321e+04
    Kinetic En.   Total Energy  Conserved En.    Temperature Pressure (bar)
    3.33328e+03   -1.45989e+04   -4.28390e+03    2.92414e+02   -2.63508e+02
   Constr. rmsd
    1.56637e-05

           Step           Time         Lambda
          60000      120.00000        0.00000

   Energies (kJ/mol)
            U-B    Proper Dih.  Improper Dih.      CMAP Dih.          LJ-14
    5.68357e+01    2.51324e+01    6.91211e+00    6.91046e-01    3.90308e+00
     Coulomb-14        LJ (SR)   Coulomb (SR)   Coul. recip.      Potential
    2.10665e+02    2.95856e+03   -2.12987e+04    1.02636e+02   -1.79333e+04
    Kinetic En.   Total Energy  Conserved En.    Temperature Pressure (bar)
    3.60242e+03   -1.43309e+04   -4.28398e+03    3.16024e+02    4.90121e+02
   Constr. rmsd
    1.40194e-05

           Step           Time         Lambda
          61000      122.00000        0.00000

   Energies (kJ/mol)
            U-B    Proper Dih.  Improper Dih.      CMAP Dih.          LJ-14
    3.78695e+01    1.28202e+01    4.29252e+00   -5.95758e+00    9.30007e+00
     Coulomb-14        LJ (SR)   Coulomb (SR)   Coul. recip.      Potential
    2.30682e+02    2.80107e+03   -2.11376e+04    9.30924e+01   -1.79544e+04
    Kinetic En.   Total Energy  Conserved En.    Temperature Pressure (bar)
    3.36315e+03   -1.45913e+04   -4.28469e+03    2.95034e+02   -2.52475e+02
   Constr. rmsd
    2.48233e-05

           Step           Time         Lambda
          62000      124.00000        0.00000

   Energies (kJ/mol)
            U-B    Proper Dih.  Improper Dih.      CMAP Dih.          LJ-14
    2.98257e+01    1.23543e+01    2.80122e+00   -5.83172e+00    6.35166e+00
     Coulomb-14        LJ (SR)   Coulomb (SR)   Coul. recip.      Potential
    2.29269e+02    2.83896e+03   -2.12349e+04    1.14450e+02   -1.80067e+04
    Kinetic En.   Total Energy  Conserved En.    Temperature Pressure (bar)
    3.42398e+03   -1.45827e+04   -4.28491e+03    3.00370e+02   -1.06724e+02
   Constr. rmsd
    2.14839e-05

           Step           Time         Lambda
          63000      126.00000        0.00000

   Energies (kJ/mol)
            U-B    Proper Dih.  Improper Dih.      CMAP Dih.          LJ-14
    5.35026e+01    1.65112e+01    1.18214e+00   -3.02358e+00    5.84979e+00
     Coulomb-14        LJ (SR)   Coulomb (SR)   Coul. recip.      Potential
    2.33233e+02    2.57532e+03   -2.08874e+04    1.03224e+02   -1.79016e+04
    Kinetic En.   Total Energy  Conserved En.    Temperature Pressure (bar)
    3.35697e+03   -1.45447e+04   -4.28269e+03    2.94492e+02   -9.21206e+02
   Constr. rmsd
    1.48105e-05

           Step           Time         Lambda
          64000      128.00000        0.00000

   Energies (kJ/mol)
            U-B    Proper Dih.  Improper Dih.      CMAP Dih.          LJ-14
    4.34195e+01    1.07553e+01    1.01744e+00   -2.82374e+00    6.78207e+00
     Coulomb-14        LJ (SR)   Coulomb (SR)   Coul. recip.      Potential
    2.21475e+02    2.84444e+03   -2.11913e+04    1.22252e+02   -1.79440e+04
    Kinetic En.   Total Energy  Conserved En.    Temperature Pressure (bar)
    3.49631e+03   -1.44477e+04   -4.28406e+03    3.06715e+02   -1.91428e+02
   Constr. rmsd
    1.39203e-05

           Step           Time         Lambda
          65000      130.00000        0.00000

   Energies (kJ/mol)
            U-B    Proper Dih.  Improper Dih.      CMAP Dih.          LJ-14
    4.19873e+01    3.29743e+01    3.75791e+00   -9.79855e+00    1.18400e+00
     Coulomb-14        LJ (SR)   Coulomb (SR)   Coul. recip.      Potential
    2.28092e+02    2.83489e+03   -2.12008e+04    1.22325e+02   -1.79454e+04
    Kinetic En.   Total Energy  Conserved En.    Temperature Pressure (bar)
    3.39910e+03   -1.45463e+04   -4.28473e+03    2.98188e+02   -6.64754e+01
   Constr. rmsd
    1.83712e-05

           Step           Time         Lambda
          66000      132.00000        0.00000

   Energies (kJ/mol)
            U-B    Proper Dih.  Improper Dih.      CMAP Dih.          LJ-14
    2.93300e+01    2.02597e+01    1.20937e+01   -1.06389e+01    8.67553e+00
     Coulomb-14        LJ (SR)   Coulomb (SR)   Coul. recip.      Potential
    2.32011e+02    2.84877e+03   -2.12351e+04    1.08727e+02   -1.79859e+04
    Kinetic En.   Total Energy  Conserved En.    Temperature Pressure (bar)
    3.38419e+03   -1.46017e+04   -4.28307e+03    2.96879e+02   -1.14976e+02
   Constr. rmsd
    1.66097e-05

           Step           Time         Lambda
          67000      134.00000        0.00000

   Energies (kJ/mol)
            U-B    Proper Dih.  Improper Dih.      CMAP Dih.          LJ-14
    3.87868e+01    1.14825e+01    1.01452e+01    1.70089e+00    4.11978e+00
     Coulomb-14        LJ (SR)   Coulomb (SR)   Coul. recip.      Potential
    2.21220e+02    2.87130e+03   -2.12977e+04    1.17606e+02   -1.80214e+04
    Kinetic En.   Total Energy  Conserved En.    Temperature Pressure (bar)
    3.35996e+03   -1.46614e+04   -4.28326e+03    2.94754e+02    8.45134e+01
   Constr. rmsd
    1.49164e-05

           Step           Time         Lambda
          68000      136.00000        0.00000

   Energies (kJ/mol)
            U-B    Proper Dih.  Improper Dih.      CMAP Dih.          LJ-14
    3.96116e+01    1.33205e+01    1.57955e+01   -6.15499e+00    6.62477e+00
     Coulomb-14        LJ (SR)   Coulomb (SR)   Coul. recip.      Potential
    2.22564e+02    2.87136e+03   -2.13167e+04    1.08195e+02   -1.80454e+04
    Kinetic En.   Total Energy  Conserved En.    Temperature Pressure (bar)
    3.38551e+03   -1.46599e+04   -4.28435e+03    2.96995e+02    1.82330e+02
   Constr. rmsd
    7.60198e-06

           Step           Time         Lambda
          69000      138.00000        0.00000

   Energies (kJ/mol)
            U-B    Proper Dih.  Improper Dih.      CMAP Dih.          LJ-14
    2.33857e+01    2.29513e+01    3.81592e+00   -1.06574e+01    1.29267e+01
     Coulomb-14        LJ (SR)   Coulomb (SR)   Coul. recip.      Potential
    2.43959e+02    2.65338e+03   -2.10501e+04    1.03889e+02   -1.79964e+04
    Kinetic En.   Total Energy  Conserved En.    Temperature Pressure (bar)
    3.48423e+03   -1.45122e+04   -4.28578e+03    3.05656e+02   -6.42005e+02
   Constr. rmsd
    1.00360e-05

           Step           Time         Lambda
          70000      140.00000        0.00000

   Energies (kJ/mol)
            U-B    Proper Dih.  Improper Dih.      CMAP Dih.          LJ-14
    5.13090e+01    2.32482e+01    4.02367e+00   -1.21479e+01    2.46925e+00
     Coulomb-14        LJ (SR)   Coulomb (SR)   Coul. recip.      Potential
    2.22871e+02    2.97070e+03   -2.14764e+04    1.04041e+02   -1.81099e+04
    Kinetic En.   Total Energy  Conserved En.    Temperature Pressure (bar)
    3.52146e+03   -1.45884e+04   -4.28447e+03    3.08922e+02    2.32512e+02
   Constr. rmsd
    2.20954e-05

           Step           Time         Lambda
          71000      142.00000        0.00000

   Energies (kJ/mol)
            U-B    Proper Dih.  Improper Dih.      CMAP Dih.          LJ-14
    4.30954e+01    2.82298e+01    1.03139e+01   -1.98652e+01    2.22899e+00
     Coulomb-14        LJ (SR)   Coulomb (SR)   Coul. recip.      Potential
    2.24114e+02    2.71864e+03   -2.09605e+04    1.16640e+02   -1.78371e+04
    Kinetic En.   Total Energy  Conserved En.    Temperature Pressure (bar)
    3.42794e+03   -1.44091e+04   -4.28511e+03    3.00718e+02   -4.96507e+02
   Constr. rmsd
    3.29128e-05

           Step           Time         Lambda
          72000      144.00000        0.00000

   Energies (kJ/mol)
            U-B    Proper Dih.  Improper Dih.      CMAP Dih.          LJ-14
    4.71993e+01    2.31713e+01    3.47765e+00   -1.29593e+01    5.70358e+00
     Coulomb-14        LJ (SR)   Coulomb (SR)   Coul. recip.      Potential
    2.27566e+02    2.81720e+03   -2.11435e+04    1.31974e+02   -1.79002e+04
    Kinetic En.   Total Energy  Conserved En.    Temperature Pressure (bar)
    3.42962e+03   -1.44706e+04   -4.28417e+03    3.00865e+02    3.46098e+00
   Constr. rmsd
    8.41824e-06

           Step           Time         Lambda
          73000      146.00000        0.00000

   Energies (kJ/mol)
            U-B    Proper Dih.  Improper Dih.      CMAP Dih.          LJ-14
    4.53535e+01    1.65351e+01    1.39813e+00    1.79047e+00    2.23918e+00
     Coulomb-14        LJ (SR)   Coulomb (SR)   Coul. recip.      Potential
    2.28264e+02    2.71547e+03   -2.08561e+04    1.32264e+02   -1.77128e+04
    Kinetic En.   Total Energy  Conserved En.    Temperature Pressure (bar)
    3.40889e+03   -1.43039e+04   -4.28322e+03    2.99046e+02   -2.35128e+02
   Constr. rmsd
    2.09929e-05

           Step           Time         Lambda
          74000      148.00000        0.00000

   Energies (kJ/mol)
            U-B    Proper Dih.  Improper Dih.      CMAP Dih.          LJ-14
    3.81755e+01    2.41756e+01    3.93855e+00   -1.51965e+01    6.04192e+00
     Coulomb-14        LJ (SR)   Coulomb (SR)   Coul. recip.      Potential
    2.32841e+02    2.95146e+03   -2.13849e+04    1.26512e+02   -1.80169e+04
    Kinetic En.   Total Energy  Conserved En.    Temperature Pressure (bar)
    3.44440e+03   -1.45725e+04   -4.28348e+03    3.02162e+02    3.94776e+02
   Constr. rmsd
    1.63216e-05

           Step           Time         Lambda
          75000      150.00000        0.00000

   Energies (kJ/mol)
            U-B    Proper Dih.  Improper Dih.      CMAP Dih.          LJ-14
    3.35679e+01    1.26132e+01    4.50601e+00   -5.67289e+00    6.21009e+00
     Coulomb-14        LJ (SR)   Coulomb (SR)   Coul. recip.      Potential
    2.30539e+02    3.05110e+03   -2.14129e+04    1.10465e+02   -1.79695e+04
    Kinetic En.   Total Energy  Conserved En.    Temperature Pressure (bar)
    3.31521e+03   -1.46543e+04   -4.28742e+03    2.90828e+02    6.69993e+02
   Constr. rmsd
    2.19775e-05

           Step           Time         Lambda
          76000      152.00000        0.00000

   Energies (kJ/mol)
            U-B    Proper Dih.  Improper Dih.      CMAP Dih.          LJ-14
    3.40874e+01    1.65238e+01    4.63073e+00   -4.85915e+00    8.66696e+00
     Coulomb-14        LJ (SR)   Coulomb (SR)   Coul. recip.      Potential
    2.32431e+02    2.69024e+03   -2.11508e+04    1.24433e+02   -1.80446e+04
    Kinetic En.   Total Energy  Conserved En.    Temperature Pressure (bar)
    3.43727e+03   -1.46074e+04   -4.28722e+03    3.01536e+02   -6.82054e+02
   Constr. rmsd
    1.38201e-05

           Step           Time         Lambda
          77000      154.00000        0.00000

   Energies (kJ/mol)
            U-B    Proper Dih.  Improper Dih.      CMAP Dih.          LJ-14
    4.21247e+01    1.07124e+01    8.72302e+00   -5.84732e+00    4.46447e+00
     Coulomb-14        LJ (SR)   Coulomb (SR)   Coul. recip.      Potential
    2.11491e+02    2.90070e+03   -2.13546e+04    1.12888e+02   -1.80694e+04
    Kinetic En.   Total Energy  Conserved En.    Temperature Pressure (bar)
    3.32335e+03   -1.47460e+04   -4.28688e+03    2.91542e+02   -1.35722e+02
   Constr. rmsd
    1.96986e-05

           Step           Time         Lambda
          78000      156.00000        0.00000

   Energies (kJ/mol)
            U-B    Proper Dih.  Improper Dih.      CMAP Dih.          LJ-14
    5.47761e+01    2.26587e+01    9.64485e+00   -8.01217e+00    6.06788e+00
     Coulomb-14        LJ (SR)   Coulomb (SR)   Coul. recip.      Potential
    2.12351e+02    2.65097e+03   -2.11639e+04    1.13286e+02   -1.81022e+04
    Kinetic En.   Total Energy  Conserved En.    Temperature Pressure (bar)
    3.44565e+03   -1.46566e+04   -4.28274e+03    3.02272e+02   -9.56758e+02
   Constr. rmsd
    1.31426e-05

           Step           Time         Lambda
          79000      158.00000        0.00000

   Energies (kJ/mol)
            U-B    Proper Dih.  Improper Dih.      CMAP Dih.          LJ-14
    5.02347e+01    2.22187e+01    2.44108e+00   -9.99234e+00    6.86139e+00
     Coulomb-14        LJ (SR)   Coulomb (SR)   Coul. recip.      Potential
    2.24915e+02    2.81016e+03   -2.14864e+04    1.05521e+02   -1.82741e+04
    Kinetic En.   Total Energy  Conserved En.    Temperature Pressure (bar)
    3.51466e+03   -1.47594e+04   -4.28558e+03    3.08325e+02   -4.98928e+02
   Constr. rmsd
    1.80419e-05

           Step           Time         Lambda
          80000      160.00000        0.00000

   Energies (kJ/mol)
            U-B    Proper Dih.  Improper Dih.      CMAP Dih.          LJ-14
    4.61095e+01    1.66534e+01    5.32541e+00   -5.69633e+00    7.10454e+00
     Coulomb-14        LJ (SR)   Coulomb (SR)   Coul. recip.      Potential
    2.26932e+02    2.70376e+03   -2.09613e+04    1.23869e+02   -1.78373e+04
    Kinetic En.   Total Energy  Conserved En.    Temperature Pressure (bar)
    3.34945e+03   -1.44878e+04   -4.28518e+03    2.93832e+02   -2.86465e+02
   Constr. rmsd
    1.02430e-05

           Step           Time         Lambda
          81000      162.00000        0.00000

   Energies (kJ/mol)
            U-B    Proper Dih.  Improper Dih.      CMAP Dih.          LJ-14
    4.92641e+01    1.23425e+01    1.55001e+00   -4.78375e+00    5.70498e+00
     Coulomb-14        LJ (SR)   Coulomb (SR)   Coul. recip.      Potential
    2.09267e+02    2.89342e+03   -2.11936e+04    1.20831e+02   -1.79060e+04
    Kinetic En.   Total Energy  Conserved En.    Temperature Pressure (bar)
    3.28851e+03   -1.46175e+04   -4.28178e+03    2.88486e+02    2.22110e+02
   Constr. rmsd
    1.24511e-05

           Step           Time         Lambda
          82000      164.00000        0.00000

   Energies (kJ/mol)
            U-B    Proper Dih.  Improper Dih.      CMAP Dih.          LJ-14
    4.60553e+01    1.91870e+01    2.92175e+00   -4.55355e+00    7.11074e+00
     Coulomb-14        LJ (SR)   Coulomb (SR)   Coul. recip.      Potential
    2.12333e+02    2.70479e+03   -2.12253e+04    1.03532e+02   -1.81339e+04
    Kinetic En.   Total Energy  Conserved En.    Temperature Pressure (bar)
    3.27497e+03   -1.48589e+04   -4.28283e+03    2.87298e+02   -9.45228e+02
   Constr. rmsd
    1.22292e-05

           Step           Time         Lambda
          83000      166.00000        0.00000

   Energies (kJ/mol)
            U-B    Proper Dih.  Improper Dih.      CMAP Dih.          LJ-14
    3.26398e+01    1.96218e+01    3.41002e+00   -8.52070e+00    5.96604e+00
     Coulomb-14        LJ (SR)   Coulomb (SR)   Coul. recip.      Potential
    2.27059e+02    3.00611e+03   -2.13120e+04    1.08636e+02   -1.79171e+04
    Kinetic En.   Total Energy  Conserved En.    Temperature Pressure (bar)
    3.38660e+03   -1.45305e+04   -4.28273e+03    2.97091e+02    5.35435e+02
   Constr. rmsd
    2.47155e-05

           Step           Time         Lambda
          84000      168.00000        0.00000

   Energies (kJ/mol)
            U-B    Proper Dih.  Improper Dih.      CMAP Dih.          LJ-14
    5.26152e+01    1.35193e+01    5.45553e+00   -4.75208e+00    3.25485e+00
     Coulomb-14        LJ (SR)   Coulomb (SR)   Coul. recip.      Potential
    2.15174e+02    2.69592e+03   -2.10217e+04    1.19779e+02   -1.79208e+04
    Kinetic En.   Total Energy  Conserved En.    Temperature Pressure (bar)
    3.40870e+03   -1.45121e+04   -4.28238e+03    2.99030e+02   -7.06217e+02
   Constr. rmsd
    2.84400e-05

           Step           Time         Lambda
          85000      170.00000        0.00000

   Energies (kJ/mol)
            U-B    Proper Dih.  Improper Dih.      CMAP Dih.          LJ-14
    3.63403e+01    2.90366e+01    7.44547e+00   -1.12251e+01    4.96165e+00
     Coulomb-14        LJ (SR)   Coulomb (SR)   Coul. recip.      Potential
    2.16509e+02    2.81457e+03   -2.09145e+04    1.19988e+02   -1.76968e+04
    Kinetic En.   Total Energy  Conserved En.    Temperature Pressure (bar)
    3.42604e+03   -1.42708e+04   -4.28185e+03    3.00551e+02    2.77535e+02
   Constr. rmsd
    1.66787e-05

           Step           Time         Lambda
          86000      172.00000        0.00000

   Energies (kJ/mol)
            U-B    Proper Dih.  Improper Dih.      CMAP Dih.          LJ-14
    3.46646e+01    1.42202e+01    2.21036e+00   -5.65909e+00    9.35069e+00
     Coulomb-14        LJ (SR)   Coulomb (SR)   Coul. recip.      Potential
    2.17766e+02    2.78807e+03   -2.11240e+04    1.13862e+02   -1.79495e+04
    Kinetic En.   Total Energy  Conserved En.    Temperature Pressure (bar)
    3.32420e+03   -1.46253e+04   -4.28304e+03    2.91617e+02   -9.73011e+01
   Constr. rmsd
    9.77817e-06

           Step           Time         Lambda
          87000      174.00000        0.00000

   Energies (kJ/mol)
            U-B    Proper Dih.  Improper Dih.      CMAP Dih.          LJ-14
    3.87002e+01    1.93592e+01    6.50601e+00   -1.12508e+01    7.53766e+00
     Coulomb-14        LJ (SR)   Coulomb (SR)   Coul. recip.      Potential
    2.34102e+02    2.77943e+03   -2.12558e+04    1.07394e+02   -1.80740e+04
    Kinetic En.   Total Energy  Conserved En.    Temperature Pressure (bar)
    3.31960e+03   -1.47544e+04   -4.28291e+03    2.91213e+02   -5.26236e+02
   Constr. rmsd
    2.32309e-05

           Step           Time         Lambda
          88000      176.00000        0.00000

   Energies (kJ/mol)
            U-B    Proper Dih.  Improper Dih.      CMAP Dih.          LJ-14
    5.78733e+01    2.35054e+01    5.59752e+00   -1.14264e+01    8.28722e+00
     Coulomb-14        LJ (SR)   Coulomb (SR)   Coul. recip.      Potential
    2.12789e+02    2.70392e+03   -2.09951e+04    1.15268e+02   -1.78793e+04
    Kinetic En.   Total Energy  Conserved En.    Temperature Pressure (bar)
    3.34520e+03   -1.45341e+04   -4.28195e+03    2.93459e+02   -3.89664e+02
   Constr. rmsd
    7.35785e-06

           Step           Time         Lambda
          89000      178.00000        0.00000

   Energies (kJ/mol)
            U-B    Proper Dih.  Improper Dih.      CMAP Dih.          LJ-14
    5.70913e+01    1.45690e+01    8.24191e+00   -4.66195e+00    3.38006e+00
     Coulomb-14        LJ (SR)   Coulomb (SR)   Coul. recip.      Potential
    2.21550e+02    2.74567e+03   -2.10763e+04    1.16474e+02   -1.79140e+04
    Kinetic En.   Total Energy  Conserved En.    Temperature Pressure (bar)
    3.44468e+03   -1.44693e+04   -4.28198e+03    3.02186e+02   -1.94720e+02
   Constr. rmsd
    1.67850e-05

           Step           Time         Lambda
          90000      180.00000        0.00000

   Energies (kJ/mol)
            U-B    Proper Dih.  Improper Dih.      CMAP Dih.          LJ-14
    5.19999e+01    3.11379e+01    2.83472e+00   -1.29350e+01    7.38332e+00
     Coulomb-14        LJ (SR)   Coulomb (SR)   Coul. recip.      Potential
    2.24368e+02    2.88294e+03   -2.11351e+04    1.20406e+02   -1.78270e+04
    Kinetic En.   Total Energy  Conserved En.    Temperature Pressure (bar)
    3.47963e+03   -1.43473e+04   -4.27926e+03    3.05253e+02    2.81927e+02
   Constr. rmsd
    2.04948e-05

           Step           Time         Lambda
          91000      182.00000        0.00000

   Energies (kJ/mol)
            U-B    Proper Dih.  Improper Dih.      CMAP Dih.          LJ-14
    4.76503e+01    1.49402e+01    5.77105e+00   -4.22557e+00    4.08392e+00
     Coulomb-14        LJ (SR)   Coulomb (SR)   Coul. recip.      Potential
    2.13962e+02    2.95103e+03   -2.13174e+04    1.18662e+02   -1.79655e+04
    Kinetic En.   Total Energy  Conserved En.    Temperature Pressure (bar)
    3.29430e+03   -1.46712e+04   -4.28109e+03    2.88994e+02    1.56558e+02
   Constr. rmsd
    2.44359e-05

           Step           Time         Lambda
          92000      184.00000        0.00000

   Energies (kJ/mol)
            U-B    Proper Dih.  Improper Dih.      CMAP Dih.          LJ-14
    2.91704e+01    1.39308e+01    5.64619e+00   -2.86481e+00    9.01385e+00
     Coulomb-14        LJ (SR)   Coulomb (SR)   Coul. recip.      Potential
    2.37770e+02    2.71980e+03   -2.09937e+04    1.32787e+02   -1.78485e+04
    Kinetic En.   Total Energy  Conserved En.    Temperature Pressure (bar)
    3.33616e+03   -1.45123e+04   -4.28237e+03    2.92666e+02   -2.63512e+02
   Constr. rmsd
    9.31367e-06

           Step           Time         Lambda
          93000      186.00000        0.00000

   Energies (kJ/mol)
            U-B    Proper Dih.  Improper Dih.      CMAP Dih.          LJ-14
    3.83770e+01    1.59574e+01    5.03255e+00    1.83972e+00    1.00487e+01
     Coulomb-14        LJ (SR)   Coulomb (SR)   Coul. recip.      Potential
    2.28456e+02    2.63763e+03   -2.09133e+04    1.13893e+02   -1.78621e+04
    Kinetic En.   Total Energy  Conserved En.    Temperature Pressure (bar)
    3.22484e+03   -1.46372e+04   -4.27956e+03    2.82901e+02   -6.03083e+02
   Constr. rmsd
    1.06102e-05

           Step           Time         Lambda
          94000      188.00000        0.00000

   Energies (kJ/mol)
            U-B    Proper Dih.  Improper Dih.      CMAP Dih.          LJ-14
    2.79068e+01    2.44151e+01    1.65597e+00   -1.45970e+01    7.12692e+00
     Coulomb-14        LJ (SR)   Coulomb (SR)   Coul. recip.      Potential
    2.37308e+02    2.72020e+03   -2.09955e+04    1.40106e+02   -1.78514e+04
    Kinetic En.   Total Energy  Conserved En.    Temperature Pressure (bar)
    3.34489e+03   -1.45065e+04   -4.27843e+03    2.93432e+02   -2.61712e+02
   Constr. rmsd
    1.54782e-05

           Step           Time         Lambda
          95000      190.00000        0.00000

   Energies (kJ/mol)
            U-B    Proper Dih.  Improper Dih.      CMAP Dih.          LJ-14
    6.06228e+01    2.37889e+01    3.96234e+00   -5.76390e+00    2.04640e+00
     Coulomb-14        LJ (SR)   Coulomb (SR)   Coul. recip.      Potential
    2.29188e+02    2.69772e+03   -2.11871e+04    9.79831e+01   -1.80775e+04
    Kinetic En.   Total Energy  Conserved En.    Temperature Pressure (bar)
    3.23600e+03   -1.48415e+04   -4.27874e+03    2.83880e+02   -8.78047e+02
   Constr. rmsd
    2.41651e-05

           Step           Time         Lambda
          96000      192.00000        0.00000

   Energies (kJ/mol)
            U-B    Proper Dih.  Improper Dih.      CMAP Dih.          LJ-14
    5.34703e+01    2.79354e+01    1.15999e+00   -1.83233e+01    4.48079e+00
     Coulomb-14        LJ (SR)   Coulomb (SR)   Coul. recip.      Potential
    2.21387e+02    2.78912e+03   -2.10289e+04    1.27690e+02   -1.78220e+04
    Kinetic En.   Total Energy  Conserved En.    Temperature Pressure (bar)
    3.27909e+03   -1.45429e+04   -4.27883e+03    2.87660e+02   -2.43910e+02
   Constr. rmsd
    2.57438e-05

           Step           Time         Lambda
          97000      194.00000        0.00000

   Energies (kJ/mol)
            U-B    Proper Dih.  Improper Dih.      CMAP Dih.          LJ-14
    6.33249e+01    1.91967e+01    7.66338e+00   -4.92535e+00    3.80078e+00
     Coulomb-14        LJ (SR)   Coulomb (SR)   Coul. recip.      Potential
    2.14985e+02    2.84083e+03   -2.13840e+04    1.14977e+02   -1.81241e+04
    Kinetic En.   Total Energy  Conserved En.    Temperature Pressure (bar)
    3.31207e+03   -1.48121e+04   -4.27824e+03    2.90553e+02   -3.08799e+02
   Constr. rmsd
    1.35518e-05

           Step           Time         Lambda
          98000      196.00000        0.00000

   Energies (kJ/mol)
            U-B    Proper Dih.  Improper Dih.      CMAP Dih.          LJ-14
    3.86387e+01    1.15746e+01    2.11208e+00   -2.46751e+00    3.80480e+00
     Coulomb-14        LJ (SR)   Coulomb (SR)   Coul. recip.      Potential
    2.24946e+02    2.82274e+03   -2.12119e+04    1.13800e+02   -1.79967e+04
    Kinetic En.   Total Energy  Conserved En.    Temperature Pressure (bar)
    3.44479e+03   -1.45519e+04   -4.27927e+03    3.02196e+02   -1.69154e+02
   Constr. rmsd
    2.46199e-05

           Step           Time         Lambda
          99000      198.00000        0.00000

   Energies (kJ/mol)
            U-B    Proper Dih.  Improper Dih.      CMAP Dih.          LJ-14
    6.06841e+01    1.93071e+01    3.51267e+00   -6.94020e+00    1.22754e+00
     Coulomb-14        LJ (SR)   Coulomb (SR)   Coul. recip.      Potential
    2.26041e+02    2.82454e+03   -2.12342e+04    1.35317e+02   -1.79705e+04
    Kinetic En.   Total Energy  Conserved En.    Temperature Pressure (bar)
    3.34506e+03   -1.46254e+04   -4.27755e+03    2.93447e+02   -4.32440e+02
   Constr. rmsd
    2.91518e-05

           Step           Time         Lambda
         100000      200.00000        0.00000

Writing checkpoint, step 100000 at Wed Sep 11 12:56:36 2013


   Energies (kJ/mol)
            U-B    Proper Dih.  Improper Dih.      CMAP Dih.          LJ-14
    5.27492e+01    2.72783e+01    8.17828e+00   -1.07579e+01    1.76203e+00
     Coulomb-14        LJ (SR)   Coulomb (SR)   Coul. recip.      Potential
    2.09922e+02    2.76656e+03   -2.11886e+04    9.95893e+01   -1.80333e+04
    Kinetic En.   Total Energy  Conserved En.    Temperature Pressure (bar)
    3.48123e+03   -1.45521e+04   -4.28147e+03    3.05393e+02   -6.29508e+02
   Constr. rmsd
    2.70265e-05

	<======  ###############  ==>
	<====  A V E R A G E S  ====>
	<==  ###############  ======>

	Statistics over 100001 steps using 1001 frames

   Energies (kJ/mol)
            U-B    Proper Dih.  Improper Dih.      CMAP Dih.          LJ-14
    4.31903e+01    1.89077e+01    4.31752e+00   -6.67238e+00    5.86442e+00
     Coulomb-14        LJ (SR)   Coulomb (SR)   Coul. recip.      Potential
    2.23315e+02    2.78462e+03   -2.11134e+04    1.17677e+02   -1.79222e+04
    Kinetic En.   Total Energy  Conserved En.    Temperature Pressure (bar)
    3.39749e+03   -1.45247e+04   -4.28518e+03    2.98047e+02   -1.61971e+02
   Constr. rmsd
    0.00000e+00

   Total Virial (kJ/mol)
    1.20544e+03    6.76512e+00    7.28223e+00
   -1.02884e+01    1.20980e+03    3.31153e+00
    4.90389e+00    3.32578e+00    1.18979e+03

   Pressure (bar)
   -1.78569e+02   -1.83188e+01   -1.46138e+01
    2.16096e+01   -1.76903e+02   -7.42241e+00
   -9.04521e+00   -7.45579e+00   -1.30442e+02


	M E G A - F L O P S   A C C O U N T I N G

 NB=Group-cutoff nonbonded kernels    NxN=N-by-N cluster Verlet kernels
 RF=Reaction-Field  VdW=Van der Waals  QSTab=quadratic-spline table
 W3=SPC/TIP3p  W4=TIP4p (single or pairs)
 V&F=Potential and force  V=Potential only  F=Force only

 Computing:                               M-Number         M-Flops  % Flops
-----------------------------------------------------------------------------
 NB VdW [V&F]                             3.600036           3.600     0.0
 Pair Search distance check            4092.071968       36828.648     0.9
 NxN Ewald Elec. + VdW [F]            27334.726792     1804091.968    46.4
 NxN Ewald Elec. + VdW [V&F]            276.346192       29569.043     0.8
 NxN Ewald Elec. [F]                  25941.164136     1582411.012    40.7
 NxN Ewald Elec. [V&F]                  262.457984       22046.471     0.6
 1,4 nonbonded interactions               4.100041         369.004     0.0
 Calc Weights                           411.604116       14817.748     0.4
 Spread Q Bspline                      8780.887808       17561.776     0.5
 Gather F Bspline                      8780.887808       52685.327     1.4
 3D-FFT                               38029.780294      304238.242     7.8
 Solve PME                               57.600576        3686.437     0.1
 Shift-X                                 13.721372          82.328     0.0
 Propers                                  2.300023         526.705     0.0
 Impropers                                0.500005         104.001     0.0
 Virial                                   1.418417          25.532     0.0
 Stop-CM                                  1.374744          13.747     0.0
 Calc-Ekin                               27.442744         740.954     0.0
 Lincs                                    2.100063         126.004     0.0
 Lincs-Mat                               43.201296         172.805     0.0
 Constraint-V                           139.202784        1113.622     0.0
 Constraint-Vir                           1.372371          32.937     0.0
 Settle                                  45.001350       14535.436     0.4
 (null)                                   0.100001           0.000     0.0
-----------------------------------------------------------------------------
 Total                                                 3885783.347   100.0
-----------------------------------------------------------------------------


     R E A L   C Y C L E   A N D   T I M E   A C C O U N T I N G

 Computing:         Nodes   Th.     Count  Wall t (s)     G-Cycles       %
-----------------------------------------------------------------------------
 Neighbor search        1    8      10001       4.320      117.860     8.5
 Force                  1    8     100001      30.269      825.823    59.7
 PME mesh               1    8     100001      10.957      298.935    21.6
 NB X/F buffer ops.     1    8     190001       1.183       32.271     2.3
 Write traj.            1    8          1       0.073        1.984     0.1
 Update                 1    8     100001       0.590       16.099     1.2
 Constraints            1    8     100001       2.617       71.404     5.2
 Rest                   1                       0.668       18.213     1.3
-----------------------------------------------------------------------------
 Total                  1                      50.676     1382.590   100.0
-----------------------------------------------------------------------------
-----------------------------------------------------------------------------
 PME spread/gather      1    8     200002       5.981      163.190    11.8
 PME 3D-FFT             1    8     200002       4.097      111.766     8.1
 PME solve              1    8     100001       0.718       19.582     1.4
-----------------------------------------------------------------------------

               Core t (s)   Wall t (s)        (%)
       Time:      395.090       50.676      779.6
                 (ns/day)    (hour/ns)
Performance:      340.994        0.070
Finished mdrun on node 0 Wed Sep 11 12:56:36 2013
